2022-05-13 09:29:03.923 [main] INFO  com.guo.eduservice.ServiceEduApplication - Starting ServiceEduApplication on PC201510181117 with PID 4460 (D:\temporay\Project\guli_parent\service\service-edu\target\classes started by zhao_temporary in D:\temporay\Project\guli_parent)
2022-05-13 09:29:03.928 [main] INFO  com.guo.eduservice.ServiceEduApplication - The following profiles are active: dev
2022-05-13 09:29:06.048 [main] INFO  o.s.d.r.config.RepositoryConfigurationDelegate - Multiple Spring Data modules found, entering strict repository configuration mode!
2022-05-13 09:29:06.052 [main] INFO  o.s.d.r.config.RepositoryConfigurationDelegate - Bootstrapping Spring Data Redis repositories in DEFAULT mode.
2022-05-13 09:29:06.113 [main] INFO  o.s.d.r.config.RepositoryConfigurationDelegate - Finished Spring Data repository scanning in 32ms. Found 0 Redis repository interfaces.
2022-05-13 09:29:07.159 [main] INFO  o.s.boot.web.embedded.tomcat.TomcatWebServer - Tomcat initialized with port(s): 8001 (http)
2022-05-13 09:29:07.268 [main] INFO  org.apache.coyote.http11.Http11NioProtocol - Initializing ProtocolHandler ["http-nio-8001"]
2022-05-13 09:29:07.269 [main] INFO  org.apache.catalina.core.StandardService - Starting service [Tomcat]
2022-05-13 09:29:07.270 [main] INFO  org.apache.catalina.core.StandardEngine - Starting Servlet engine: [Apache Tomcat/9.0.33]
2022-05-13 09:29:07.417 [main] INFO  o.a.c.core.ContainerBase.[Tomcat].[localhost].[/] - Initializing Spring embedded WebApplicationContext
2022-05-13 09:29:07.418 [main] INFO  org.springframework.web.context.ContextLoader - Root WebApplicationContext: initialization completed in 3385 ms
2022-05-13 09:29:07.812 [main] INFO  com.zaxxer.hikari.HikariDataSource - HikariPool-1 - Starting...
2022-05-13 09:29:08.240 [main] INFO  com.zaxxer.hikari.HikariDataSource - HikariPool-1 - Start completed.
2022-05-13 09:29:09.287 [main] INFO  s.d.s.w.PropertySourcedRequestMappingHandlerMapping - Mapped URL path [/v2/api-docs] onto method [springfox.documentation.swagger2.web.Swagger2Controller#getDocumentation(String, HttpServletRequest)]
2022-05-13 09:29:09.491 [main] INFO  o.s.scheduling.concurrent.ThreadPoolTaskExecutor - Initializing ExecutorService 'applicationTaskExecutor'
2022-05-13 09:29:10.535 [main] INFO  s.d.s.web.plugins.DocumentationPluginsBootstrapper - Context refreshed
2022-05-13 09:29:10.572 [main] INFO  s.d.s.web.plugins.DocumentationPluginsBootstrapper - Found 1 custom documentation plugin(s)
2022-05-13 09:29:10.629 [main] INFO  s.d.spring.web.scanners.ApiListingReferenceScanner - Scanning for api listing references
2022-05-13 09:29:10.898 [main] INFO  org.apache.coyote.http11.Http11NioProtocol - Starting ProtocolHandler ["http-nio-8001"]
2022-05-13 09:29:10.931 [main] INFO  o.s.boot.web.embedded.tomcat.TomcatWebServer - Tomcat started on port(s): 8001 (http) with context path ''
2022-05-13 09:29:10.935 [main] INFO  com.guo.eduservice.ServiceEduApplication - Started ServiceEduApplication in 8.181 seconds (JVM running for 9.934)
2022-05-13 09:30:07.713 [http-nio-8001-exec-1] INFO  o.a.c.core.ContainerBase.[Tomcat].[localhost].[/] - Initializing Spring DispatcherServlet 'dispatcherServlet'
2022-05-13 09:30:07.714 [http-nio-8001-exec-1] INFO  org.springframework.web.servlet.DispatcherServlet - Initializing Servlet 'dispatcherServlet'
2022-05-13 09:30:07.802 [http-nio-8001-exec-1] INFO  org.springframework.web.servlet.DispatcherServlet - Completed initialization in 87 ms
2022-05-13 09:47:10.654 [main] INFO  com.guo.eduservice.ServiceEduApplication - Starting ServiceEduApplication on PC201510181117 with PID 4252 (D:\temporay\Project\guli_parent\service\service-edu\target\classes started by zhao_temporary in D:\temporay\Project\guli_parent)
2022-05-13 09:47:10.656 [main] INFO  com.guo.eduservice.ServiceEduApplication - The following profiles are active: dev
2022-05-13 09:47:11.622 [main] INFO  o.s.d.r.config.RepositoryConfigurationDelegate - Multiple Spring Data modules found, entering strict repository configuration mode!
2022-05-13 09:47:11.629 [main] INFO  o.s.d.r.config.RepositoryConfigurationDelegate - Bootstrapping Spring Data Redis repositories in DEFAULT mode.
2022-05-13 09:47:11.670 [main] INFO  o.s.d.r.config.RepositoryConfigurationDelegate - Finished Spring Data repository scanning in 21ms. Found 0 Redis repository interfaces.
2022-05-13 09:47:12.330 [main] INFO  o.s.boot.web.embedded.tomcat.TomcatWebServer - Tomcat initialized with port(s): 8001 (http)
2022-05-13 09:47:12.389 [main] INFO  org.apache.coyote.http11.Http11NioProtocol - Initializing ProtocolHandler ["http-nio-8001"]
2022-05-13 09:47:12.390 [main] INFO  org.apache.catalina.core.StandardService - Starting service [Tomcat]
2022-05-13 09:47:12.390 [main] INFO  org.apache.catalina.core.StandardEngine - Starting Servlet engine: [Apache Tomcat/9.0.33]
2022-05-13 09:47:12.493 [main] INFO  o.a.c.core.ContainerBase.[Tomcat].[localhost].[/] - Initializing Spring embedded WebApplicationContext
2022-05-13 09:47:12.493 [main] INFO  org.springframework.web.context.ContextLoader - Root WebApplicationContext: initialization completed in 1791 ms
2022-05-13 09:47:12.719 [main] INFO  com.zaxxer.hikari.HikariDataSource - HikariPool-1 - Starting...
2022-05-13 09:47:12.982 [main] INFO  com.zaxxer.hikari.HikariDataSource - HikariPool-1 - Start completed.
2022-05-13 09:47:13.633 [main] INFO  s.d.s.w.PropertySourcedRequestMappingHandlerMapping - Mapped URL path [/v2/api-docs] onto method [springfox.documentation.swagger2.web.Swagger2Controller#getDocumentation(String, HttpServletRequest)]
2022-05-13 09:47:13.764 [main] INFO  o.s.scheduling.concurrent.ThreadPoolTaskExecutor - Initializing ExecutorService 'applicationTaskExecutor'
2022-05-13 09:47:14.378 [main] INFO  s.d.s.web.plugins.DocumentationPluginsBootstrapper - Context refreshed
2022-05-13 09:47:14.392 [main] INFO  s.d.s.web.plugins.DocumentationPluginsBootstrapper - Found 1 custom documentation plugin(s)
2022-05-13 09:47:14.428 [main] INFO  s.d.spring.web.scanners.ApiListingReferenceScanner - Scanning for api listing references
2022-05-13 09:47:14.629 [main] INFO  org.apache.coyote.http11.Http11NioProtocol - Starting ProtocolHandler ["http-nio-8001"]
2022-05-13 09:47:14.655 [main] INFO  o.s.boot.web.embedded.tomcat.TomcatWebServer - Tomcat started on port(s): 8001 (http) with context path ''
2022-05-13 09:47:14.659 [main] INFO  com.guo.eduservice.ServiceEduApplication - Started ServiceEduApplication in 4.954 seconds (JVM running for 6.559)
2022-05-13 09:47:22.454 [http-nio-8001-exec-1] INFO  o.a.c.core.ContainerBase.[Tomcat].[localhost].[/] - Initializing Spring DispatcherServlet 'dispatcherServlet'
2022-05-13 09:47:22.454 [http-nio-8001-exec-1] INFO  org.springframework.web.servlet.DispatcherServlet - Initializing Servlet 'dispatcherServlet'
2022-05-13 09:47:22.466 [http-nio-8001-exec-1] INFO  org.springframework.web.servlet.DispatcherServlet - Completed initialization in 11 ms
2022-05-13 10:29:22.913 [main] INFO  com.guo.eduservice.ServiceEduApplication - Starting ServiceEduApplication on PC201510181117 with PID 7044 (D:\temporay\Project\guli_parent\service\service-edu\target\classes started by zhao_temporary in D:\temporay\Project\guli_parent)
2022-05-13 10:29:22.918 [main] INFO  com.guo.eduservice.ServiceEduApplication - The following profiles are active: dev
2022-05-13 10:29:23.932 [main] INFO  o.s.d.r.config.RepositoryConfigurationDelegate - Multiple Spring Data modules found, entering strict repository configuration mode!
2022-05-13 10:29:23.935 [main] INFO  o.s.d.r.config.RepositoryConfigurationDelegate - Bootstrapping Spring Data Redis repositories in DEFAULT mode.
2022-05-13 10:29:23.988 [main] INFO  o.s.d.r.config.RepositoryConfigurationDelegate - Finished Spring Data repository scanning in 28ms. Found 0 Redis repository interfaces.
2022-05-13 10:29:24.688 [main] INFO  o.s.boot.web.embedded.tomcat.TomcatWebServer - Tomcat initialized with port(s): 8001 (http)
2022-05-13 10:29:24.749 [main] INFO  org.apache.coyote.http11.Http11NioProtocol - Initializing ProtocolHandler ["http-nio-8001"]
2022-05-13 10:29:24.750 [main] INFO  org.apache.catalina.core.StandardService - Starting service [Tomcat]
2022-05-13 10:29:24.750 [main] INFO  org.apache.catalina.core.StandardEngine - Starting Servlet engine: [Apache Tomcat/9.0.33]
2022-05-13 10:29:24.863 [main] INFO  o.a.c.core.ContainerBase.[Tomcat].[localhost].[/] - Initializing Spring embedded WebApplicationContext
2022-05-13 10:29:24.864 [main] INFO  org.springframework.web.context.ContextLoader - Root WebApplicationContext: initialization completed in 1898 ms
2022-05-13 10:29:25.154 [main] INFO  com.zaxxer.hikari.HikariDataSource - HikariPool-1 - Starting...
2022-05-13 10:29:25.454 [main] INFO  com.zaxxer.hikari.HikariDataSource - HikariPool-1 - Start completed.
2022-05-13 10:29:26.364 [main] INFO  s.d.s.w.PropertySourcedRequestMappingHandlerMapping - Mapped URL path [/v2/api-docs] onto method [springfox.documentation.swagger2.web.Swagger2Controller#getDocumentation(String, HttpServletRequest)]
2022-05-13 10:29:26.504 [main] INFO  o.s.scheduling.concurrent.ThreadPoolTaskExecutor - Initializing ExecutorService 'applicationTaskExecutor'
2022-05-13 10:29:27.169 [main] INFO  s.d.s.web.plugins.DocumentationPluginsBootstrapper - Context refreshed
2022-05-13 10:29:27.185 [main] INFO  s.d.s.web.plugins.DocumentationPluginsBootstrapper - Found 1 custom documentation plugin(s)
2022-05-13 10:29:27.226 [main] INFO  s.d.spring.web.scanners.ApiListingReferenceScanner - Scanning for api listing references
2022-05-13 10:29:27.443 [main] INFO  org.apache.coyote.http11.Http11NioProtocol - Starting ProtocolHandler ["http-nio-8001"]
2022-05-13 10:29:27.468 [main] INFO  o.s.boot.web.embedded.tomcat.TomcatWebServer - Tomcat started on port(s): 8001 (http) with context path ''
2022-05-13 10:29:27.471 [main] INFO  com.guo.eduservice.ServiceEduApplication - Started ServiceEduApplication in 5.278 seconds (JVM running for 6.406)
2022-05-13 10:33:41.365 [main] INFO  com.guo.eduservice.Test1 - Starting Test1 on PC201510181117 with PID 6716 (started by zhao_temporary in D:\temporay\Project\guli_parent\service\service-edu)
2022-05-13 10:33:41.368 [main] INFO  com.guo.eduservice.Test1 - The following profiles are active: dev
2022-05-13 10:33:42.766 [main] INFO  o.s.d.r.config.RepositoryConfigurationDelegate - Multiple Spring Data modules found, entering strict repository configuration mode!
2022-05-13 10:33:42.771 [main] INFO  o.s.d.r.config.RepositoryConfigurationDelegate - Bootstrapping Spring Data Redis repositories in DEFAULT mode.
2022-05-13 10:33:42.820 [main] INFO  o.s.d.r.config.RepositoryConfigurationDelegate - Finished Spring Data repository scanning in 25ms. Found 0 Redis repository interfaces.
2022-05-13 10:33:44.146 [main] INFO  com.zaxxer.hikari.HikariDataSource - HikariPool-1 - Starting...
2022-05-13 10:33:44.625 [main] INFO  com.zaxxer.hikari.HikariDataSource - HikariPool-1 - Start completed.
2022-05-13 10:33:46.251 [main] INFO  s.d.s.w.PropertySourcedRequestMappingHandlerMapping - Mapped URL path [/v2/api-docs] onto method [springfox.documentation.swagger2.web.Swagger2Controller#getDocumentation(String, HttpServletRequest)]
2022-05-13 10:33:46.832 [main] INFO  o.s.scheduling.concurrent.ThreadPoolTaskExecutor - Initializing ExecutorService 'applicationTaskExecutor'
2022-05-13 10:33:48.205 [main] INFO  s.d.s.web.plugins.DocumentationPluginsBootstrapper - Context refreshed
2022-05-13 10:33:48.232 [main] INFO  s.d.s.web.plugins.DocumentationPluginsBootstrapper - Found 1 custom documentation plugin(s)
2022-05-13 10:33:48.287 [main] INFO  s.d.spring.web.scanners.ApiListingReferenceScanner - Scanning for api listing references
2022-05-13 10:33:48.564 [main] INFO  com.guo.eduservice.Test1 - Started Test1 in 8.001 seconds (JVM running for 9.46)
2022-05-13 10:33:58.640 [main] INFO  com.guo.eduservice.Test1 - Starting Test1 on PC201510181117 with PID 6220 (started by zhao_temporary in D:\temporay\Project\guli_parent\service\service-edu)
2022-05-13 10:33:58.642 [main] INFO  com.guo.eduservice.Test1 - The following profiles are active: dev
2022-05-13 10:34:00.163 [main] INFO  o.s.d.r.config.RepositoryConfigurationDelegate - Multiple Spring Data modules found, entering strict repository configuration mode!
2022-05-13 10:34:00.175 [main] INFO  o.s.d.r.config.RepositoryConfigurationDelegate - Bootstrapping Spring Data Redis repositories in DEFAULT mode.
2022-05-13 10:34:00.274 [main] INFO  o.s.d.r.config.RepositoryConfigurationDelegate - Finished Spring Data repository scanning in 46ms. Found 0 Redis repository interfaces.
2022-05-13 10:34:02.111 [main] INFO  com.zaxxer.hikari.HikariDataSource - HikariPool-1 - Starting...
2022-05-13 10:34:02.673 [main] INFO  com.zaxxer.hikari.HikariDataSource - HikariPool-1 - Start completed.
2022-05-13 10:34:04.725 [main] INFO  s.d.s.w.PropertySourcedRequestMappingHandlerMapping - Mapped URL path [/v2/api-docs] onto method [springfox.documentation.swagger2.web.Swagger2Controller#getDocumentation(String, HttpServletRequest)]
2022-05-13 10:34:05.589 [main] INFO  o.s.scheduling.concurrent.ThreadPoolTaskExecutor - Initializing ExecutorService 'applicationTaskExecutor'
2022-05-13 10:34:07.101 [main] INFO  s.d.s.web.plugins.DocumentationPluginsBootstrapper - Context refreshed
2022-05-13 10:34:07.132 [main] INFO  s.d.s.web.plugins.DocumentationPluginsBootstrapper - Found 1 custom documentation plugin(s)
2022-05-13 10:34:07.202 [main] INFO  s.d.spring.web.scanners.ApiListingReferenceScanner - Scanning for api listing references
2022-05-13 10:34:07.540 [main] INFO  com.guo.eduservice.Test1 - Started Test1 in 9.775 seconds (JVM running for 11.511)
2022-05-13 10:34:38.158 [main] INFO  com.guo.eduservice.Test1 - Starting Test1 on PC201510181117 with PID 1948 (started by zhao_temporary in D:\temporay\Project\guli_parent\service\service-edu)
2022-05-13 10:34:38.160 [main] INFO  com.guo.eduservice.Test1 - The following profiles are active: dev
2022-05-13 10:34:39.674 [main] INFO  o.s.d.r.config.RepositoryConfigurationDelegate - Multiple Spring Data modules found, entering strict repository configuration mode!
2022-05-13 10:34:39.679 [main] INFO  o.s.d.r.config.RepositoryConfigurationDelegate - Bootstrapping Spring Data Redis repositories in DEFAULT mode.
2022-05-13 10:34:39.757 [main] INFO  o.s.d.r.config.RepositoryConfigurationDelegate - Finished Spring Data repository scanning in 42ms. Found 0 Redis repository interfaces.
2022-05-13 10:34:41.366 [main] INFO  com.zaxxer.hikari.HikariDataSource - HikariPool-1 - Starting...
2022-05-13 10:34:41.894 [main] INFO  com.zaxxer.hikari.HikariDataSource - HikariPool-1 - Start completed.
2022-05-13 10:34:43.854 [main] INFO  s.d.s.w.PropertySourcedRequestMappingHandlerMapping - Mapped URL path [/v2/api-docs] onto method [springfox.documentation.swagger2.web.Swagger2Controller#getDocumentation(String, HttpServletRequest)]
2022-05-13 10:34:44.630 [main] INFO  o.s.scheduling.concurrent.ThreadPoolTaskExecutor - Initializing ExecutorService 'applicationTaskExecutor'
2022-05-13 10:34:46.165 [main] INFO  s.d.s.web.plugins.DocumentationPluginsBootstrapper - Context refreshed
2022-05-13 10:34:46.201 [main] INFO  s.d.s.web.plugins.DocumentationPluginsBootstrapper - Found 1 custom documentation plugin(s)
2022-05-13 10:34:46.303 [main] INFO  s.d.spring.web.scanners.ApiListingReferenceScanner - Scanning for api listing references
2022-05-13 10:34:46.629 [main] INFO  com.guo.eduservice.Test1 - Started Test1 in 9.466 seconds (JVM running for 11.084)
2022-05-13 10:36:51.173 [main] INFO  com.guo.eduservice.Test1 - Starting Test1 on PC201510181117 with PID 4036 (started by zhao_temporary in D:\temporay\Project\guli_parent\service\service-edu)
2022-05-13 10:36:51.176 [main] INFO  com.guo.eduservice.Test1 - The following profiles are active: dev
2022-05-13 10:36:52.471 [main] INFO  o.s.d.r.config.RepositoryConfigurationDelegate - Multiple Spring Data modules found, entering strict repository configuration mode!
2022-05-13 10:36:52.475 [main] INFO  o.s.d.r.config.RepositoryConfigurationDelegate - Bootstrapping Spring Data Redis repositories in DEFAULT mode.
2022-05-13 10:36:52.527 [main] INFO  o.s.d.r.config.RepositoryConfigurationDelegate - Finished Spring Data repository scanning in 27ms. Found 0 Redis repository interfaces.
2022-05-13 10:54:28.434 [main] INFO  com.guo.eduservice.ServiceEduApplication - Starting ServiceEduApplication on PC201510181117 with PID 5452 (D:\temporay\Project\guli_parent\service\service-edu\target\classes started by zhao_temporary in D:\temporay\Project\guli_parent)
2022-05-13 10:54:28.438 [main] INFO  com.guo.eduservice.ServiceEduApplication - The following profiles are active: dev
2022-05-13 10:54:29.983 [main] INFO  o.s.d.r.config.RepositoryConfigurationDelegate - Multiple Spring Data modules found, entering strict repository configuration mode!
2022-05-13 10:54:29.986 [main] INFO  o.s.d.r.config.RepositoryConfigurationDelegate - Bootstrapping Spring Data Redis repositories in DEFAULT mode.
2022-05-13 10:54:30.035 [main] INFO  o.s.d.r.config.RepositoryConfigurationDelegate - Finished Spring Data repository scanning in 25ms. Found 0 Redis repository interfaces.
2022-05-13 10:54:30.684 [main] INFO  o.s.boot.web.embedded.tomcat.TomcatWebServer - Tomcat initialized with port(s): 8001 (http)
2022-05-13 10:54:30.744 [main] INFO  org.apache.coyote.http11.Http11NioProtocol - Initializing ProtocolHandler ["http-nio-8001"]
2022-05-13 10:54:30.745 [main] INFO  org.apache.catalina.core.StandardService - Starting service [Tomcat]
2022-05-13 10:54:30.745 [main] INFO  org.apache.catalina.core.StandardEngine - Starting Servlet engine: [Apache Tomcat/9.0.33]
2022-05-13 10:54:30.852 [main] INFO  o.a.c.core.ContainerBase.[Tomcat].[localhost].[/] - Initializing Spring embedded WebApplicationContext
2022-05-13 10:54:30.852 [main] INFO  org.springframework.web.context.ContextLoader - Root WebApplicationContext: initialization completed in 2352 ms
2022-05-13 10:54:31.084 [main] INFO  com.zaxxer.hikari.HikariDataSource - HikariPool-1 - Starting...
2022-05-13 10:54:31.349 [main] INFO  com.zaxxer.hikari.HikariDataSource - HikariPool-1 - Start completed.
2022-05-13 10:54:32.209 [main] INFO  s.d.s.w.PropertySourcedRequestMappingHandlerMapping - Mapped URL path [/v2/api-docs] onto method [springfox.documentation.swagger2.web.Swagger2Controller#getDocumentation(String, HttpServletRequest)]
2022-05-13 10:54:32.346 [main] INFO  o.s.scheduling.concurrent.ThreadPoolTaskExecutor - Initializing ExecutorService 'applicationTaskExecutor'
2022-05-13 10:54:32.949 [main] INFO  s.d.s.web.plugins.DocumentationPluginsBootstrapper - Context refreshed
2022-05-13 10:54:32.964 [main] INFO  s.d.s.web.plugins.DocumentationPluginsBootstrapper - Found 1 custom documentation plugin(s)
2022-05-13 10:54:33.000 [main] INFO  s.d.spring.web.scanners.ApiListingReferenceScanner - Scanning for api listing references
2022-05-13 10:54:33.208 [main] INFO  org.apache.coyote.http11.Http11NioProtocol - Starting ProtocolHandler ["http-nio-8001"]
2022-05-13 10:54:33.235 [main] INFO  o.s.boot.web.embedded.tomcat.TomcatWebServer - Tomcat started on port(s): 8001 (http) with context path ''
2022-05-13 10:54:33.241 [main] INFO  com.guo.eduservice.ServiceEduApplication - Started ServiceEduApplication in 6.209 seconds (JVM running for 7.482)
2022-05-13 10:54:37.989 [http-nio-8001-exec-1] INFO  o.a.c.core.ContainerBase.[Tomcat].[localhost].[/] - Initializing Spring DispatcherServlet 'dispatcherServlet'
2022-05-13 10:54:37.990 [http-nio-8001-exec-1] INFO  org.springframework.web.servlet.DispatcherServlet - Initializing Servlet 'dispatcherServlet'
2022-05-13 10:54:38.018 [http-nio-8001-exec-1] INFO  org.springframework.web.servlet.DispatcherServlet - Completed initialization in 28 ms
2022-05-13 11:15:06.298 [main] INFO  com.guo.eduservice.ServiceEduApplication - Starting ServiceEduApplication on PC201510181117 with PID 3080 (D:\temporay\Project\guli_parent\service\service-edu\target\classes started by zhao_temporary in D:\temporay\Project\guli_parent)
2022-05-13 11:15:06.301 [main] INFO  com.guo.eduservice.ServiceEduApplication - The following profiles are active: dev
2022-05-13 11:15:07.413 [main] INFO  o.s.d.r.config.RepositoryConfigurationDelegate - Multiple Spring Data modules found, entering strict repository configuration mode!
2022-05-13 11:15:07.416 [main] INFO  o.s.d.r.config.RepositoryConfigurationDelegate - Bootstrapping Spring Data Redis repositories in DEFAULT mode.
2022-05-13 11:15:07.464 [main] INFO  o.s.d.r.config.RepositoryConfigurationDelegate - Finished Spring Data repository scanning in 27ms. Found 0 Redis repository interfaces.
2022-05-13 11:15:08.184 [main] INFO  o.s.boot.web.embedded.tomcat.TomcatWebServer - Tomcat initialized with port(s): 8001 (http)
2022-05-13 11:15:08.258 [main] INFO  org.apache.coyote.http11.Http11NioProtocol - Initializing ProtocolHandler ["http-nio-8001"]
2022-05-13 11:15:08.259 [main] INFO  org.apache.catalina.core.StandardService - Starting service [Tomcat]
2022-05-13 11:15:08.259 [main] INFO  org.apache.catalina.core.StandardEngine - Starting Servlet engine: [Apache Tomcat/9.0.33]
2022-05-13 11:15:08.373 [main] INFO  o.a.c.core.ContainerBase.[Tomcat].[localhost].[/] - Initializing Spring embedded WebApplicationContext
2022-05-13 11:15:08.374 [main] INFO  org.springframework.web.context.ContextLoader - Root WebApplicationContext: initialization completed in 2025 ms
2022-05-13 11:15:08.618 [main] INFO  com.zaxxer.hikari.HikariDataSource - HikariPool-1 - Starting...
2022-05-13 11:15:08.910 [main] INFO  com.zaxxer.hikari.HikariDataSource - HikariPool-1 - Start completed.
2022-05-13 11:15:09.998 [main] INFO  s.d.s.w.PropertySourcedRequestMappingHandlerMapping - Mapped URL path [/v2/api-docs] onto method [springfox.documentation.swagger2.web.Swagger2Controller#getDocumentation(String, HttpServletRequest)]
2022-05-13 11:15:10.169 [main] INFO  o.s.scheduling.concurrent.ThreadPoolTaskExecutor - Initializing ExecutorService 'applicationTaskExecutor'
2022-05-13 11:15:10.863 [main] INFO  s.d.s.web.plugins.DocumentationPluginsBootstrapper - Context refreshed
2022-05-13 11:15:10.878 [main] INFO  s.d.s.web.plugins.DocumentationPluginsBootstrapper - Found 1 custom documentation plugin(s)
2022-05-13 11:15:10.914 [main] INFO  s.d.spring.web.scanners.ApiListingReferenceScanner - Scanning for api listing references
2022-05-13 11:15:11.137 [main] INFO  org.apache.coyote.http11.Http11NioProtocol - Starting ProtocolHandler ["http-nio-8001"]
2022-05-13 11:15:11.164 [main] INFO  o.s.boot.web.embedded.tomcat.TomcatWebServer - Tomcat started on port(s): 8001 (http) with context path ''
2022-05-13 11:15:11.168 [main] INFO  com.guo.eduservice.ServiceEduApplication - Started ServiceEduApplication in 5.878 seconds (JVM running for 7.157)
2022-05-13 11:15:14.456 [http-nio-8001-exec-1] INFO  o.a.c.core.ContainerBase.[Tomcat].[localhost].[/] - Initializing Spring DispatcherServlet 'dispatcherServlet'
2022-05-13 11:15:14.457 [http-nio-8001-exec-1] INFO  org.springframework.web.servlet.DispatcherServlet - Initializing Servlet 'dispatcherServlet'
2022-05-13 11:15:14.465 [http-nio-8001-exec-1] INFO  org.springframework.web.servlet.DispatcherServlet - Completed initialization in 7 ms
2022-05-13 11:19:54.388 [main] INFO  com.guo.eduservice.ServiceEduApplication - Starting ServiceEduApplication on PC201510181117 with PID 4544 (D:\temporay\Project\guli_parent\service\service-edu\target\classes started by zhao_temporary in D:\temporay\Project\guli_parent)
2022-05-13 11:19:54.396 [main] INFO  com.guo.eduservice.ServiceEduApplication - The following profiles are active: dev
2022-05-13 11:19:55.394 [main] INFO  o.s.d.r.config.RepositoryConfigurationDelegate - Multiple Spring Data modules found, entering strict repository configuration mode!
2022-05-13 11:19:55.397 [main] INFO  o.s.d.r.config.RepositoryConfigurationDelegate - Bootstrapping Spring Data Redis repositories in DEFAULT mode.
2022-05-13 11:19:55.434 [main] INFO  o.s.d.r.config.RepositoryConfigurationDelegate - Finished Spring Data repository scanning in 20ms. Found 0 Redis repository interfaces.
2022-05-13 11:19:56.076 [main] INFO  o.s.boot.web.embedded.tomcat.TomcatWebServer - Tomcat initialized with port(s): 8001 (http)
2022-05-13 11:19:56.135 [main] INFO  org.apache.coyote.http11.Http11NioProtocol - Initializing ProtocolHandler ["http-nio-8001"]
2022-05-13 11:19:56.136 [main] INFO  org.apache.catalina.core.StandardService - Starting service [Tomcat]
2022-05-13 11:19:56.136 [main] INFO  org.apache.catalina.core.StandardEngine - Starting Servlet engine: [Apache Tomcat/9.0.33]
2022-05-13 11:19:56.246 [main] INFO  o.a.c.core.ContainerBase.[Tomcat].[localhost].[/] - Initializing Spring embedded WebApplicationContext
2022-05-13 11:19:56.247 [main] INFO  org.springframework.web.context.ContextLoader - Root WebApplicationContext: initialization completed in 1801 ms
2022-05-13 11:19:56.473 [main] INFO  com.zaxxer.hikari.HikariDataSource - HikariPool-1 - Starting...
2022-05-13 11:19:56.739 [main] INFO  com.zaxxer.hikari.HikariDataSource - HikariPool-1 - Start completed.
2022-05-13 11:19:57.612 [main] INFO  s.d.s.w.PropertySourcedRequestMappingHandlerMapping - Mapped URL path [/v2/api-docs] onto method [springfox.documentation.swagger2.web.Swagger2Controller#getDocumentation(String, HttpServletRequest)]
2022-05-13 11:19:57.749 [main] INFO  o.s.scheduling.concurrent.ThreadPoolTaskExecutor - Initializing ExecutorService 'applicationTaskExecutor'
2022-05-13 11:19:58.355 [main] INFO  s.d.s.web.plugins.DocumentationPluginsBootstrapper - Context refreshed
2022-05-13 11:19:58.371 [main] INFO  s.d.s.web.plugins.DocumentationPluginsBootstrapper - Found 1 custom documentation plugin(s)
2022-05-13 11:19:58.407 [main] INFO  s.d.spring.web.scanners.ApiListingReferenceScanner - Scanning for api listing references
2022-05-13 11:19:58.613 [main] INFO  org.apache.coyote.http11.Http11NioProtocol - Starting ProtocolHandler ["http-nio-8001"]
2022-05-13 11:19:58.640 [main] INFO  o.s.boot.web.embedded.tomcat.TomcatWebServer - Tomcat started on port(s): 8001 (http) with context path ''
2022-05-13 11:19:58.644 [main] INFO  com.guo.eduservice.ServiceEduApplication - Started ServiceEduApplication in 4.991 seconds (JVM running for 6.142)
2022-05-13 11:20:04.374 [http-nio-8001-exec-1] INFO  o.a.c.core.ContainerBase.[Tomcat].[localhost].[/] - Initializing Spring DispatcherServlet 'dispatcherServlet'
2022-05-13 11:20:04.375 [http-nio-8001-exec-1] INFO  org.springframework.web.servlet.DispatcherServlet - Initializing Servlet 'dispatcherServlet'
2022-05-13 11:20:04.396 [http-nio-8001-exec-1] INFO  org.springframework.web.servlet.DispatcherServlet - Completed initialization in 21 ms
2022-05-13 11:22:24.589 [main] INFO  com.guo.eduservice.ServiceEduApplication - Starting ServiceEduApplication on PC201510181117 with PID 3004 (D:\temporay\Project\guli_parent\service\service-edu\target\classes started by zhao_temporary in D:\temporay\Project\guli_parent)
2022-05-13 11:22:24.592 [main] INFO  com.guo.eduservice.ServiceEduApplication - The following profiles are active: dev
2022-05-13 11:22:25.607 [main] INFO  o.s.d.r.config.RepositoryConfigurationDelegate - Multiple Spring Data modules found, entering strict repository configuration mode!
2022-05-13 11:22:25.610 [main] INFO  o.s.d.r.config.RepositoryConfigurationDelegate - Bootstrapping Spring Data Redis repositories in DEFAULT mode.
2022-05-13 11:22:25.649 [main] INFO  o.s.d.r.config.RepositoryConfigurationDelegate - Finished Spring Data repository scanning in 21ms. Found 0 Redis repository interfaces.
2022-05-13 11:22:26.319 [main] INFO  o.s.boot.web.embedded.tomcat.TomcatWebServer - Tomcat initialized with port(s): 8001 (http)
2022-05-13 11:22:26.378 [main] INFO  org.apache.coyote.http11.Http11NioProtocol - Initializing ProtocolHandler ["http-nio-8001"]
2022-05-13 11:22:26.379 [main] INFO  org.apache.catalina.core.StandardService - Starting service [Tomcat]
2022-05-13 11:22:26.379 [main] INFO  org.apache.catalina.core.StandardEngine - Starting Servlet engine: [Apache Tomcat/9.0.33]
2022-05-13 11:22:26.483 [main] INFO  o.a.c.core.ContainerBase.[Tomcat].[localhost].[/] - Initializing Spring embedded WebApplicationContext
2022-05-13 11:22:26.483 [main] INFO  org.springframework.web.context.ContextLoader - Root WebApplicationContext: initialization completed in 1839 ms
2022-05-13 11:22:26.706 [main] INFO  com.zaxxer.hikari.HikariDataSource - HikariPool-1 - Starting...
2022-05-13 11:22:26.966 [main] INFO  com.zaxxer.hikari.HikariDataSource - HikariPool-1 - Start completed.
2022-05-13 11:22:27.834 [main] INFO  s.d.s.w.PropertySourcedRequestMappingHandlerMapping - Mapped URL path [/v2/api-docs] onto method [springfox.documentation.swagger2.web.Swagger2Controller#getDocumentation(String, HttpServletRequest)]
2022-05-13 11:22:27.968 [main] INFO  o.s.scheduling.concurrent.ThreadPoolTaskExecutor - Initializing ExecutorService 'applicationTaskExecutor'
2022-05-13 11:22:28.567 [main] INFO  s.d.s.web.plugins.DocumentationPluginsBootstrapper - Context refreshed
2022-05-13 11:22:28.581 [main] INFO  s.d.s.web.plugins.DocumentationPluginsBootstrapper - Found 1 custom documentation plugin(s)
2022-05-13 11:22:28.621 [main] INFO  s.d.spring.web.scanners.ApiListingReferenceScanner - Scanning for api listing references
2022-05-13 11:22:28.833 [main] INFO  org.apache.coyote.http11.Http11NioProtocol - Starting ProtocolHandler ["http-nio-8001"]
2022-05-13 11:22:28.859 [main] INFO  o.s.boot.web.embedded.tomcat.TomcatWebServer - Tomcat started on port(s): 8001 (http) with context path ''
2022-05-13 11:22:28.863 [main] INFO  com.guo.eduservice.ServiceEduApplication - Started ServiceEduApplication in 5.029 seconds (JVM running for 6.468)
2022-05-13 11:22:33.521 [http-nio-8001-exec-1] INFO  o.a.c.core.ContainerBase.[Tomcat].[localhost].[/] - Initializing Spring DispatcherServlet 'dispatcherServlet'
2022-05-13 11:22:33.521 [http-nio-8001-exec-1] INFO  org.springframework.web.servlet.DispatcherServlet - Initializing Servlet 'dispatcherServlet'
2022-05-13 11:22:33.529 [http-nio-8001-exec-1] INFO  org.springframework.web.servlet.DispatcherServlet - Completed initialization in 7 ms
2022-05-13 11:23:32.318 [main] INFO  com.guo.eduservice.ServiceEduApplication - Starting ServiceEduApplication on PC201510181117 with PID 5964 (D:\temporay\Project\guli_parent\service\service-edu\target\classes started by zhao_temporary in D:\temporay\Project\guli_parent)
2022-05-13 11:23:32.322 [main] INFO  com.guo.eduservice.ServiceEduApplication - The following profiles are active: dev
2022-05-13 11:23:33.363 [main] INFO  o.s.d.r.config.RepositoryConfigurationDelegate - Multiple Spring Data modules found, entering strict repository configuration mode!
2022-05-13 11:23:33.365 [main] INFO  o.s.d.r.config.RepositoryConfigurationDelegate - Bootstrapping Spring Data Redis repositories in DEFAULT mode.
2022-05-13 11:23:33.403 [main] INFO  o.s.d.r.config.RepositoryConfigurationDelegate - Finished Spring Data repository scanning in 20ms. Found 0 Redis repository interfaces.
2022-05-13 11:23:34.045 [main] INFO  o.s.boot.web.embedded.tomcat.TomcatWebServer - Tomcat initialized with port(s): 8001 (http)
2022-05-13 11:23:34.104 [main] INFO  org.apache.coyote.http11.Http11NioProtocol - Initializing ProtocolHandler ["http-nio-8001"]
2022-05-13 11:23:34.104 [main] INFO  org.apache.catalina.core.StandardService - Starting service [Tomcat]
2022-05-13 11:23:34.105 [main] INFO  org.apache.catalina.core.StandardEngine - Starting Servlet engine: [Apache Tomcat/9.0.33]
2022-05-13 11:23:34.212 [main] INFO  o.a.c.core.ContainerBase.[Tomcat].[localhost].[/] - Initializing Spring embedded WebApplicationContext
2022-05-13 11:23:34.212 [main] INFO  org.springframework.web.context.ContextLoader - Root WebApplicationContext: initialization completed in 1829 ms
2022-05-13 11:23:34.440 [main] INFO  com.zaxxer.hikari.HikariDataSource - HikariPool-1 - Starting...
2022-05-13 11:23:34.737 [main] INFO  com.zaxxer.hikari.HikariDataSource - HikariPool-1 - Start completed.
2022-05-13 11:23:35.603 [main] INFO  s.d.s.w.PropertySourcedRequestMappingHandlerMapping - Mapped URL path [/v2/api-docs] onto method [springfox.documentation.swagger2.web.Swagger2Controller#getDocumentation(String, HttpServletRequest)]
2022-05-13 11:23:35.739 [main] INFO  o.s.scheduling.concurrent.ThreadPoolTaskExecutor - Initializing ExecutorService 'applicationTaskExecutor'
2022-05-13 11:23:36.366 [main] INFO  s.d.s.web.plugins.DocumentationPluginsBootstrapper - Context refreshed
2022-05-13 11:23:36.382 [main] INFO  s.d.s.web.plugins.DocumentationPluginsBootstrapper - Found 1 custom documentation plugin(s)
2022-05-13 11:23:36.417 [main] INFO  s.d.spring.web.scanners.ApiListingReferenceScanner - Scanning for api listing references
2022-05-13 11:23:36.626 [main] INFO  org.apache.coyote.http11.Http11NioProtocol - Starting ProtocolHandler ["http-nio-8001"]
2022-05-13 11:23:36.655 [main] INFO  o.s.boot.web.embedded.tomcat.TomcatWebServer - Tomcat started on port(s): 8001 (http) with context path ''
2022-05-13 11:23:36.659 [main] INFO  com.guo.eduservice.ServiceEduApplication - Started ServiceEduApplication in 5.471 seconds (JVM running for 6.796)
2022-05-13 11:23:41.597 [http-nio-8001-exec-1] INFO  o.a.c.core.ContainerBase.[Tomcat].[localhost].[/] - Initializing Spring DispatcherServlet 'dispatcherServlet'
2022-05-13 11:23:41.598 [http-nio-8001-exec-1] INFO  org.springframework.web.servlet.DispatcherServlet - Initializing Servlet 'dispatcherServlet'
2022-05-13 11:23:41.614 [http-nio-8001-exec-1] INFO  org.springframework.web.servlet.DispatcherServlet - Completed initialization in 16 ms
2022-05-13 11:46:30.885 [main] INFO  com.guo.eduservice.ServiceEduApplication - Starting ServiceEduApplication on PC201510181117 with PID 6960 (D:\temporay\Project\guli_parent\service\service-edu\target\classes started by zhao_temporary in D:\temporay\Project\guli_parent)
2022-05-13 11:46:30.889 [main] INFO  com.guo.eduservice.ServiceEduApplication - The following profiles are active: dev
2022-05-13 11:46:31.932 [main] INFO  o.s.d.r.config.RepositoryConfigurationDelegate - Multiple Spring Data modules found, entering strict repository configuration mode!
2022-05-13 11:46:31.935 [main] INFO  o.s.d.r.config.RepositoryConfigurationDelegate - Bootstrapping Spring Data Redis repositories in DEFAULT mode.
2022-05-13 11:46:31.975 [main] INFO  o.s.d.r.config.RepositoryConfigurationDelegate - Finished Spring Data repository scanning in 21ms. Found 0 Redis repository interfaces.
2022-05-13 11:46:32.647 [main] INFO  o.s.boot.web.embedded.tomcat.TomcatWebServer - Tomcat initialized with port(s): 8001 (http)
2022-05-13 11:46:32.706 [main] INFO  org.apache.coyote.http11.Http11NioProtocol - Initializing ProtocolHandler ["http-nio-8001"]
2022-05-13 11:46:32.707 [main] INFO  org.apache.catalina.core.StandardService - Starting service [Tomcat]
2022-05-13 11:46:32.707 [main] INFO  org.apache.catalina.core.StandardEngine - Starting Servlet engine: [Apache Tomcat/9.0.33]
2022-05-13 11:46:32.815 [main] INFO  o.a.c.core.ContainerBase.[Tomcat].[localhost].[/] - Initializing Spring embedded WebApplicationContext
2022-05-13 11:46:32.815 [main] INFO  org.springframework.web.context.ContextLoader - Root WebApplicationContext: initialization completed in 1873 ms
2022-05-13 11:46:33.084 [main] INFO  com.zaxxer.hikari.HikariDataSource - HikariPool-1 - Starting...
2022-05-13 11:46:33.392 [main] INFO  com.zaxxer.hikari.HikariDataSource - HikariPool-1 - Start completed.
2022-05-13 11:46:34.427 [main] INFO  s.d.s.w.PropertySourcedRequestMappingHandlerMapping - Mapped URL path [/v2/api-docs] onto method [springfox.documentation.swagger2.web.Swagger2Controller#getDocumentation(String, HttpServletRequest)]
2022-05-13 11:46:34.568 [main] INFO  o.s.scheduling.concurrent.ThreadPoolTaskExecutor - Initializing ExecutorService 'applicationTaskExecutor'
2022-05-13 11:46:35.180 [main] INFO  s.d.s.web.plugins.DocumentationPluginsBootstrapper - Context refreshed
2022-05-13 11:46:35.200 [main] INFO  s.d.s.web.plugins.DocumentationPluginsBootstrapper - Found 1 custom documentation plugin(s)
2022-05-13 11:46:35.246 [main] INFO  s.d.spring.web.scanners.ApiListingReferenceScanner - Scanning for api listing references
2022-05-13 11:46:35.457 [main] INFO  org.apache.coyote.http11.Http11NioProtocol - Starting ProtocolHandler ["http-nio-8001"]
2022-05-13 11:46:35.481 [main] INFO  o.s.boot.web.embedded.tomcat.TomcatWebServer - Tomcat started on port(s): 8001 (http) with context path ''
2022-05-13 11:46:35.484 [main] INFO  com.guo.eduservice.ServiceEduApplication - Started ServiceEduApplication in 5.351 seconds (JVM running for 6.504)
2022-05-13 11:47:45.082 [http-nio-8001-exec-1] INFO  o.a.c.core.ContainerBase.[Tomcat].[localhost].[/] - Initializing Spring DispatcherServlet 'dispatcherServlet'
2022-05-13 11:47:45.082 [http-nio-8001-exec-1] INFO  org.springframework.web.servlet.DispatcherServlet - Initializing Servlet 'dispatcherServlet'
2022-05-13 11:47:45.096 [http-nio-8001-exec-1] INFO  org.springframework.web.servlet.DispatcherServlet - Completed initialization in 14 ms
2022-05-13 11:49:23.337 [main] INFO  com.guo.eduservice.ServiceEduApplication - Starting ServiceEduApplication on PC201510181117 with PID 3092 (D:\temporay\Project\guli_parent\service\service-edu\target\classes started by zhao_temporary in D:\temporay\Project\guli_parent)
2022-05-13 11:49:23.340 [main] INFO  com.guo.eduservice.ServiceEduApplication - The following profiles are active: dev
2022-05-13 11:49:24.391 [main] INFO  o.s.d.r.config.RepositoryConfigurationDelegate - Multiple Spring Data modules found, entering strict repository configuration mode!
2022-05-13 11:49:24.394 [main] INFO  o.s.d.r.config.RepositoryConfigurationDelegate - Bootstrapping Spring Data Redis repositories in DEFAULT mode.
2022-05-13 11:49:24.432 [main] INFO  o.s.d.r.config.RepositoryConfigurationDelegate - Finished Spring Data repository scanning in 21ms. Found 0 Redis repository interfaces.
2022-05-13 11:49:25.092 [main] INFO  o.s.boot.web.embedded.tomcat.TomcatWebServer - Tomcat initialized with port(s): 8001 (http)
2022-05-13 11:49:25.150 [main] INFO  org.apache.coyote.http11.Http11NioProtocol - Initializing ProtocolHandler ["http-nio-8001"]
2022-05-13 11:49:25.151 [main] INFO  org.apache.catalina.core.StandardService - Starting service [Tomcat]
2022-05-13 11:49:25.152 [main] INFO  org.apache.catalina.core.StandardEngine - Starting Servlet engine: [Apache Tomcat/9.0.33]
2022-05-13 11:49:25.260 [main] INFO  o.a.c.core.ContainerBase.[Tomcat].[localhost].[/] - Initializing Spring embedded WebApplicationContext
2022-05-13 11:49:25.260 [main] INFO  org.springframework.web.context.ContextLoader - Root WebApplicationContext: initialization completed in 1870 ms
2022-05-13 11:49:25.478 [main] INFO  com.zaxxer.hikari.HikariDataSource - HikariPool-1 - Starting...
2022-05-13 11:49:25.752 [main] INFO  com.zaxxer.hikari.HikariDataSource - HikariPool-1 - Start completed.
2022-05-13 11:49:26.641 [main] INFO  s.d.s.w.PropertySourcedRequestMappingHandlerMapping - Mapped URL path [/v2/api-docs] onto method [springfox.documentation.swagger2.web.Swagger2Controller#getDocumentation(String, HttpServletRequest)]
2022-05-13 11:49:26.780 [main] INFO  o.s.scheduling.concurrent.ThreadPoolTaskExecutor - Initializing ExecutorService 'applicationTaskExecutor'
2022-05-13 11:49:27.436 [main] INFO  s.d.s.web.plugins.DocumentationPluginsBootstrapper - Context refreshed
2022-05-13 11:49:27.452 [main] INFO  s.d.s.web.plugins.DocumentationPluginsBootstrapper - Found 1 custom documentation plugin(s)
2022-05-13 11:49:27.488 [main] INFO  s.d.spring.web.scanners.ApiListingReferenceScanner - Scanning for api listing references
2022-05-13 11:49:27.724 [main] INFO  org.apache.coyote.http11.Http11NioProtocol - Starting ProtocolHandler ["http-nio-8001"]
2022-05-13 11:49:27.874 [main] INFO  o.s.boot.web.embedded.tomcat.TomcatWebServer - Tomcat started on port(s): 8001 (http) with context path ''
2022-05-13 11:49:27.894 [main] INFO  com.guo.eduservice.ServiceEduApplication - Started ServiceEduApplication in 5.453 seconds (JVM running for 7.085)
2022-05-13 11:49:32.623 [http-nio-8001-exec-2] INFO  o.a.c.core.ContainerBase.[Tomcat].[localhost].[/] - Initializing Spring DispatcherServlet 'dispatcherServlet'
2022-05-13 11:49:32.623 [http-nio-8001-exec-2] INFO  org.springframework.web.servlet.DispatcherServlet - Initializing Servlet 'dispatcherServlet'
2022-05-13 11:49:32.634 [http-nio-8001-exec-2] INFO  org.springframework.web.servlet.DispatcherServlet - Completed initialization in 11 ms
2022-05-13 11:50:39.678 [main] INFO  com.guo.eduservice.ServiceEduApplication - Starting ServiceEduApplication on PC201510181117 with PID 1548 (D:\temporay\Project\guli_parent\service\service-edu\target\classes started by zhao_temporary in D:\temporay\Project\guli_parent)
2022-05-13 11:50:39.682 [main] INFO  com.guo.eduservice.ServiceEduApplication - The following profiles are active: dev
2022-05-13 11:50:40.655 [main] INFO  o.s.d.r.config.RepositoryConfigurationDelegate - Multiple Spring Data modules found, entering strict repository configuration mode!
2022-05-13 11:50:40.658 [main] INFO  o.s.d.r.config.RepositoryConfigurationDelegate - Bootstrapping Spring Data Redis repositories in DEFAULT mode.
2022-05-13 11:50:40.697 [main] INFO  o.s.d.r.config.RepositoryConfigurationDelegate - Finished Spring Data repository scanning in 20ms. Found 0 Redis repository interfaces.
2022-05-13 11:50:41.344 [main] INFO  o.s.boot.web.embedded.tomcat.TomcatWebServer - Tomcat initialized with port(s): 8001 (http)
2022-05-13 11:50:41.404 [main] INFO  org.apache.coyote.http11.Http11NioProtocol - Initializing ProtocolHandler ["http-nio-8001"]
2022-05-13 11:50:41.405 [main] INFO  org.apache.catalina.core.StandardService - Starting service [Tomcat]
2022-05-13 11:50:41.405 [main] INFO  org.apache.catalina.core.StandardEngine - Starting Servlet engine: [Apache Tomcat/9.0.33]
2022-05-13 11:50:41.509 [main] INFO  o.a.c.core.ContainerBase.[Tomcat].[localhost].[/] - Initializing Spring embedded WebApplicationContext
2022-05-13 11:50:41.509 [main] INFO  org.springframework.web.context.ContextLoader - Root WebApplicationContext: initialization completed in 1781 ms
2022-05-13 11:50:41.744 [main] INFO  com.zaxxer.hikari.HikariDataSource - HikariPool-1 - Starting...
2022-05-13 11:50:42.006 [main] INFO  com.zaxxer.hikari.HikariDataSource - HikariPool-1 - Start completed.
2022-05-13 11:50:42.880 [main] INFO  s.d.s.w.PropertySourcedRequestMappingHandlerMapping - Mapped URL path [/v2/api-docs] onto method [springfox.documentation.swagger2.web.Swagger2Controller#getDocumentation(String, HttpServletRequest)]
2022-05-13 11:50:43.012 [main] INFO  o.s.scheduling.concurrent.ThreadPoolTaskExecutor - Initializing ExecutorService 'applicationTaskExecutor'
2022-05-13 11:50:43.626 [main] INFO  s.d.s.web.plugins.DocumentationPluginsBootstrapper - Context refreshed
2022-05-13 11:50:43.641 [main] INFO  s.d.s.web.plugins.DocumentationPluginsBootstrapper - Found 1 custom documentation plugin(s)
2022-05-13 11:50:43.677 [main] INFO  s.d.spring.web.scanners.ApiListingReferenceScanner - Scanning for api listing references
2022-05-13 11:50:43.895 [main] INFO  org.apache.coyote.http11.Http11NioProtocol - Starting ProtocolHandler ["http-nio-8001"]
2022-05-13 11:50:43.921 [main] INFO  o.s.boot.web.embedded.tomcat.TomcatWebServer - Tomcat started on port(s): 8001 (http) with context path ''
2022-05-13 11:50:43.925 [main] INFO  com.guo.eduservice.ServiceEduApplication - Started ServiceEduApplication in 5.041 seconds (JVM running for 6.2)
2022-05-13 11:50:50.564 [http-nio-8001-exec-1] INFO  o.a.c.core.ContainerBase.[Tomcat].[localhost].[/] - Initializing Spring DispatcherServlet 'dispatcherServlet'
2022-05-13 11:50:50.564 [http-nio-8001-exec-1] INFO  org.springframework.web.servlet.DispatcherServlet - Initializing Servlet 'dispatcherServlet'
2022-05-13 11:50:50.572 [http-nio-8001-exec-1] INFO  org.springframework.web.servlet.DispatcherServlet - Completed initialization in 8 ms
2022-05-13 11:51:22.943 [main] INFO  com.guo.eduservice.ServiceEduApplication - Starting ServiceEduApplication on PC201510181117 with PID 3248 (D:\temporay\Project\guli_parent\service\service-edu\target\classes started by zhao_temporary in D:\temporay\Project\guli_parent)
2022-05-13 11:51:22.947 [main] INFO  com.guo.eduservice.ServiceEduApplication - The following profiles are active: dev
2022-05-13 11:51:23.921 [main] INFO  o.s.d.r.config.RepositoryConfigurationDelegate - Multiple Spring Data modules found, entering strict repository configuration mode!
2022-05-13 11:51:23.924 [main] INFO  o.s.d.r.config.RepositoryConfigurationDelegate - Bootstrapping Spring Data Redis repositories in DEFAULT mode.
2022-05-13 11:51:23.961 [main] INFO  o.s.d.r.config.RepositoryConfigurationDelegate - Finished Spring Data repository scanning in 20ms. Found 0 Redis repository interfaces.
2022-05-13 11:51:24.617 [main] INFO  o.s.boot.web.embedded.tomcat.TomcatWebServer - Tomcat initialized with port(s): 8001 (http)
2022-05-13 11:51:24.676 [main] INFO  org.apache.coyote.http11.Http11NioProtocol - Initializing ProtocolHandler ["http-nio-8001"]
2022-05-13 11:51:24.676 [main] INFO  org.apache.catalina.core.StandardService - Starting service [Tomcat]
2022-05-13 11:51:24.677 [main] INFO  org.apache.catalina.core.StandardEngine - Starting Servlet engine: [Apache Tomcat/9.0.33]
2022-05-13 11:51:24.780 [main] INFO  o.a.c.core.ContainerBase.[Tomcat].[localhost].[/] - Initializing Spring embedded WebApplicationContext
2022-05-13 11:51:24.781 [main] INFO  org.springframework.web.context.ContextLoader - Root WebApplicationContext: initialization completed in 1790 ms
2022-05-13 11:51:25.007 [main] INFO  com.zaxxer.hikari.HikariDataSource - HikariPool-1 - Starting...
2022-05-13 11:51:25.271 [main] INFO  com.zaxxer.hikari.HikariDataSource - HikariPool-1 - Start completed.
2022-05-13 11:51:26.150 [main] INFO  s.d.s.w.PropertySourcedRequestMappingHandlerMapping - Mapped URL path [/v2/api-docs] onto method [springfox.documentation.swagger2.web.Swagger2Controller#getDocumentation(String, HttpServletRequest)]
2022-05-13 11:51:26.294 [main] INFO  o.s.scheduling.concurrent.ThreadPoolTaskExecutor - Initializing ExecutorService 'applicationTaskExecutor'
2022-05-13 11:51:27.025 [main] INFO  s.d.s.web.plugins.DocumentationPluginsBootstrapper - Context refreshed
2022-05-13 11:51:27.040 [main] INFO  s.d.s.web.plugins.DocumentationPluginsBootstrapper - Found 1 custom documentation plugin(s)
2022-05-13 11:51:27.078 [main] INFO  s.d.spring.web.scanners.ApiListingReferenceScanner - Scanning for api listing references
2022-05-13 11:51:27.310 [main] INFO  org.apache.coyote.http11.Http11NioProtocol - Starting ProtocolHandler ["http-nio-8001"]
2022-05-13 11:51:27.340 [main] INFO  o.s.boot.web.embedded.tomcat.TomcatWebServer - Tomcat started on port(s): 8001 (http) with context path ''
2022-05-13 11:51:27.345 [main] INFO  com.guo.eduservice.ServiceEduApplication - Started ServiceEduApplication in 5.162 seconds (JVM running for 6.577)
2022-05-13 11:51:29.695 [http-nio-8001-exec-1] INFO  o.a.c.core.ContainerBase.[Tomcat].[localhost].[/] - Initializing Spring DispatcherServlet 'dispatcherServlet'
2022-05-13 11:51:29.695 [http-nio-8001-exec-1] INFO  org.springframework.web.servlet.DispatcherServlet - Initializing Servlet 'dispatcherServlet'
2022-05-13 11:51:29.709 [http-nio-8001-exec-1] INFO  org.springframework.web.servlet.DispatcherServlet - Completed initialization in 14 ms
2022-05-13 11:56:21.312 [main] INFO  com.guo.eduservice.ServiceEduApplication - Starting ServiceEduApplication on PC201510181117 with PID 5468 (D:\temporay\Project\guli_parent\service\service-edu\target\classes started by zhao_temporary in D:\temporay\Project\guli_parent)
2022-05-13 11:56:21.315 [main] INFO  com.guo.eduservice.ServiceEduApplication - The following profiles are active: dev
2022-05-13 11:56:22.301 [main] INFO  o.s.d.r.config.RepositoryConfigurationDelegate - Multiple Spring Data modules found, entering strict repository configuration mode!
2022-05-13 11:56:22.304 [main] INFO  o.s.d.r.config.RepositoryConfigurationDelegate - Bootstrapping Spring Data Redis repositories in DEFAULT mode.
2022-05-13 11:56:22.343 [main] INFO  o.s.d.r.config.RepositoryConfigurationDelegate - Finished Spring Data repository scanning in 20ms. Found 0 Redis repository interfaces.
2022-05-13 11:56:23.001 [main] INFO  o.s.boot.web.embedded.tomcat.TomcatWebServer - Tomcat initialized with port(s): 8001 (http)
2022-05-13 11:56:23.059 [main] INFO  org.apache.coyote.http11.Http11NioProtocol - Initializing ProtocolHandler ["http-nio-8001"]
2022-05-13 11:56:23.060 [main] INFO  org.apache.catalina.core.StandardService - Starting service [Tomcat]
2022-05-13 11:56:23.061 [main] INFO  org.apache.catalina.core.StandardEngine - Starting Servlet engine: [Apache Tomcat/9.0.33]
2022-05-13 11:56:23.164 [main] INFO  o.a.c.core.ContainerBase.[Tomcat].[localhost].[/] - Initializing Spring embedded WebApplicationContext
2022-05-13 11:56:23.164 [main] INFO  org.springframework.web.context.ContextLoader - Root WebApplicationContext: initialization completed in 1805 ms
2022-05-13 11:56:23.398 [main] INFO  com.zaxxer.hikari.HikariDataSource - HikariPool-1 - Starting...
2022-05-13 11:56:23.672 [main] INFO  com.zaxxer.hikari.HikariDataSource - HikariPool-1 - Start completed.
2022-05-13 11:56:24.543 [main] INFO  s.d.s.w.PropertySourcedRequestMappingHandlerMapping - Mapped URL path [/v2/api-docs] onto method [springfox.documentation.swagger2.web.Swagger2Controller#getDocumentation(String, HttpServletRequest)]
2022-05-13 11:56:24.677 [main] INFO  o.s.scheduling.concurrent.ThreadPoolTaskExecutor - Initializing ExecutorService 'applicationTaskExecutor'
2022-05-13 11:56:25.284 [main] INFO  s.d.s.web.plugins.DocumentationPluginsBootstrapper - Context refreshed
2022-05-13 11:56:25.298 [main] INFO  s.d.s.web.plugins.DocumentationPluginsBootstrapper - Found 1 custom documentation plugin(s)
2022-05-13 11:56:25.332 [main] INFO  s.d.spring.web.scanners.ApiListingReferenceScanner - Scanning for api listing references
2022-05-13 11:56:25.539 [main] INFO  org.apache.coyote.http11.Http11NioProtocol - Starting ProtocolHandler ["http-nio-8001"]
2022-05-13 11:56:25.569 [main] INFO  o.s.boot.web.embedded.tomcat.TomcatWebServer - Tomcat started on port(s): 8001 (http) with context path ''
2022-05-13 11:56:25.573 [main] INFO  com.guo.eduservice.ServiceEduApplication - Started ServiceEduApplication in 4.972 seconds (JVM running for 6.169)
2022-05-13 11:56:30.480 [http-nio-8001-exec-1] INFO  o.a.c.core.ContainerBase.[Tomcat].[localhost].[/] - Initializing Spring DispatcherServlet 'dispatcherServlet'
2022-05-13 11:56:30.481 [http-nio-8001-exec-1] INFO  org.springframework.web.servlet.DispatcherServlet - Initializing Servlet 'dispatcherServlet'
2022-05-13 11:56:30.492 [http-nio-8001-exec-1] INFO  org.springframework.web.servlet.DispatcherServlet - Completed initialization in 10 ms
2022-05-13 11:57:48.017 [main] INFO  com.guo.eduservice.ServiceEduApplication - Starting ServiceEduApplication on PC201510181117 with PID 6240 (D:\temporay\Project\guli_parent\service\service-edu\target\classes started by zhao_temporary in D:\temporay\Project\guli_parent)
2022-05-13 11:57:48.021 [main] INFO  com.guo.eduservice.ServiceEduApplication - The following profiles are active: dev
2022-05-13 11:57:49.034 [main] INFO  o.s.d.r.config.RepositoryConfigurationDelegate - Multiple Spring Data modules found, entering strict repository configuration mode!
2022-05-13 11:57:49.037 [main] INFO  o.s.d.r.config.RepositoryConfigurationDelegate - Bootstrapping Spring Data Redis repositories in DEFAULT mode.
2022-05-13 11:57:49.075 [main] INFO  o.s.d.r.config.RepositoryConfigurationDelegate - Finished Spring Data repository scanning in 19ms. Found 0 Redis repository interfaces.
2022-05-13 11:57:49.726 [main] INFO  o.s.boot.web.embedded.tomcat.TomcatWebServer - Tomcat initialized with port(s): 8001 (http)
2022-05-13 11:57:49.784 [main] INFO  org.apache.coyote.http11.Http11NioProtocol - Initializing ProtocolHandler ["http-nio-8001"]
2022-05-13 11:57:49.785 [main] INFO  org.apache.catalina.core.StandardService - Starting service [Tomcat]
2022-05-13 11:57:49.785 [main] INFO  org.apache.catalina.core.StandardEngine - Starting Servlet engine: [Apache Tomcat/9.0.33]
2022-05-13 11:57:49.889 [main] INFO  o.a.c.core.ContainerBase.[Tomcat].[localhost].[/] - Initializing Spring embedded WebApplicationContext
2022-05-13 11:57:49.890 [main] INFO  org.springframework.web.context.ContextLoader - Root WebApplicationContext: initialization completed in 1817 ms
2022-05-13 11:57:50.108 [main] INFO  com.zaxxer.hikari.HikariDataSource - HikariPool-1 - Starting...
2022-05-13 11:57:50.375 [main] INFO  com.zaxxer.hikari.HikariDataSource - HikariPool-1 - Start completed.
2022-05-13 11:57:51.236 [main] INFO  s.d.s.w.PropertySourcedRequestMappingHandlerMapping - Mapped URL path [/v2/api-docs] onto method [springfox.documentation.swagger2.web.Swagger2Controller#getDocumentation(String, HttpServletRequest)]
2022-05-13 11:57:51.379 [main] INFO  o.s.scheduling.concurrent.ThreadPoolTaskExecutor - Initializing ExecutorService 'applicationTaskExecutor'
2022-05-13 11:57:51.989 [main] INFO  s.d.s.web.plugins.DocumentationPluginsBootstrapper - Context refreshed
2022-05-13 11:57:52.004 [main] INFO  s.d.s.web.plugins.DocumentationPluginsBootstrapper - Found 1 custom documentation plugin(s)
2022-05-13 11:57:52.040 [main] INFO  s.d.spring.web.scanners.ApiListingReferenceScanner - Scanning for api listing references
2022-05-13 11:57:52.261 [main] INFO  org.apache.coyote.http11.Http11NioProtocol - Starting ProtocolHandler ["http-nio-8001"]
2022-05-13 11:57:52.286 [main] INFO  o.s.boot.web.embedded.tomcat.TomcatWebServer - Tomcat started on port(s): 8001 (http) with context path ''
2022-05-13 11:57:52.289 [main] INFO  com.guo.eduservice.ServiceEduApplication - Started ServiceEduApplication in 5.258 seconds (JVM running for 6.796)
2022-05-13 11:57:57.244 [http-nio-8001-exec-1] INFO  o.a.c.core.ContainerBase.[Tomcat].[localhost].[/] - Initializing Spring DispatcherServlet 'dispatcherServlet'
2022-05-13 11:57:57.244 [http-nio-8001-exec-1] INFO  org.springframework.web.servlet.DispatcherServlet - Initializing Servlet 'dispatcherServlet'
2022-05-13 11:57:57.259 [http-nio-8001-exec-1] INFO  org.springframework.web.servlet.DispatcherServlet - Completed initialization in 15 ms
2022-05-13 12:13:16.958 [main] INFO  com.guo.eduservice.ServiceEduApplication - Starting ServiceEduApplication on PC201510181117 with PID 6212 (D:\temporay\Project\guli_parent\service\service-edu\target\classes started by zhao_temporary in D:\temporay\Project\guli_parent)
2022-05-13 12:13:16.962 [main] INFO  com.guo.eduservice.ServiceEduApplication - The following profiles are active: dev
2022-05-13 12:13:18.178 [main] INFO  o.s.d.r.config.RepositoryConfigurationDelegate - Multiple Spring Data modules found, entering strict repository configuration mode!
2022-05-13 12:13:18.182 [main] INFO  o.s.d.r.config.RepositoryConfigurationDelegate - Bootstrapping Spring Data Redis repositories in DEFAULT mode.
2022-05-13 12:13:18.228 [main] INFO  o.s.d.r.config.RepositoryConfigurationDelegate - Finished Spring Data repository scanning in 25ms. Found 0 Redis repository interfaces.
2022-05-13 12:13:18.916 [main] INFO  o.s.boot.web.embedded.tomcat.TomcatWebServer - Tomcat initialized with port(s): 8001 (http)
2022-05-13 12:13:18.977 [main] INFO  org.apache.coyote.http11.Http11NioProtocol - Initializing ProtocolHandler ["http-nio-8001"]
2022-05-13 12:13:18.978 [main] INFO  org.apache.catalina.core.StandardService - Starting service [Tomcat]
2022-05-13 12:13:18.979 [main] INFO  org.apache.catalina.core.StandardEngine - Starting Servlet engine: [Apache Tomcat/9.0.33]
2022-05-13 12:13:19.093 [main] INFO  o.a.c.core.ContainerBase.[Tomcat].[localhost].[/] - Initializing Spring embedded WebApplicationContext
2022-05-13 12:13:19.093 [main] INFO  org.springframework.web.context.ContextLoader - Root WebApplicationContext: initialization completed in 2059 ms
2022-05-13 12:13:19.530 [main] INFO  com.zaxxer.hikari.HikariDataSource - HikariPool-1 - Starting...
2022-05-13 12:13:19.830 [main] INFO  com.zaxxer.hikari.HikariDataSource - HikariPool-1 - Start completed.
2022-05-13 12:13:20.757 [main] INFO  s.d.s.w.PropertySourcedRequestMappingHandlerMapping - Mapped URL path [/v2/api-docs] onto method [springfox.documentation.swagger2.web.Swagger2Controller#getDocumentation(String, HttpServletRequest)]
2022-05-13 12:13:20.893 [main] INFO  o.s.scheduling.concurrent.ThreadPoolTaskExecutor - Initializing ExecutorService 'applicationTaskExecutor'
2022-05-13 12:13:21.488 [main] INFO  s.d.s.web.plugins.DocumentationPluginsBootstrapper - Context refreshed
2022-05-13 12:13:21.504 [main] INFO  s.d.s.web.plugins.DocumentationPluginsBootstrapper - Found 1 custom documentation plugin(s)
2022-05-13 12:13:21.540 [main] INFO  s.d.spring.web.scanners.ApiListingReferenceScanner - Scanning for api listing references
2022-05-13 12:13:21.765 [main] INFO  org.apache.coyote.http11.Http11NioProtocol - Starting ProtocolHandler ["http-nio-8001"]
2022-05-13 12:13:21.791 [main] INFO  o.s.boot.web.embedded.tomcat.TomcatWebServer - Tomcat started on port(s): 8001 (http) with context path ''
2022-05-13 12:13:21.795 [main] INFO  com.guo.eduservice.ServiceEduApplication - Started ServiceEduApplication in 5.835 seconds (JVM running for 6.988)
2022-05-13 12:13:26.481 [http-nio-8001-exec-1] INFO  o.a.c.core.ContainerBase.[Tomcat].[localhost].[/] - Initializing Spring DispatcherServlet 'dispatcherServlet'
2022-05-13 12:13:26.482 [http-nio-8001-exec-1] INFO  org.springframework.web.servlet.DispatcherServlet - Initializing Servlet 'dispatcherServlet'
2022-05-13 12:13:26.495 [http-nio-8001-exec-1] INFO  org.springframework.web.servlet.DispatcherServlet - Completed initialization in 13 ms
2022-05-13 12:23:27.371 [main] INFO  com.guo.eduservice.ServiceEduApplication - Starting ServiceEduApplication on PC201510181117 with PID 980 (D:\temporay\Project\guli_parent\service\service-edu\target\classes started by zhao_temporary in D:\temporay\Project\guli_parent)
2022-05-13 12:23:27.374 [main] INFO  com.guo.eduservice.ServiceEduApplication - The following profiles are active: dev
2022-05-13 12:23:28.395 [main] INFO  o.s.d.r.config.RepositoryConfigurationDelegate - Multiple Spring Data modules found, entering strict repository configuration mode!
2022-05-13 12:23:28.398 [main] INFO  o.s.d.r.config.RepositoryConfigurationDelegate - Bootstrapping Spring Data Redis repositories in DEFAULT mode.
2022-05-13 12:23:28.435 [main] INFO  o.s.d.r.config.RepositoryConfigurationDelegate - Finished Spring Data repository scanning in 20ms. Found 0 Redis repository interfaces.
2022-05-13 12:23:29.092 [main] INFO  o.s.boot.web.embedded.tomcat.TomcatWebServer - Tomcat initialized with port(s): 8001 (http)
2022-05-13 12:23:29.151 [main] INFO  org.apache.coyote.http11.Http11NioProtocol - Initializing ProtocolHandler ["http-nio-8001"]
2022-05-13 12:23:29.152 [main] INFO  org.apache.catalina.core.StandardService - Starting service [Tomcat]
2022-05-13 12:23:29.153 [main] INFO  org.apache.catalina.core.StandardEngine - Starting Servlet engine: [Apache Tomcat/9.0.33]
2022-05-13 12:23:29.287 [main] INFO  o.a.c.core.ContainerBase.[Tomcat].[localhost].[/] - Initializing Spring embedded WebApplicationContext
2022-05-13 12:23:29.287 [main] INFO  org.springframework.web.context.ContextLoader - Root WebApplicationContext: initialization completed in 1863 ms
2022-05-13 12:23:29.507 [main] INFO  com.zaxxer.hikari.HikariDataSource - HikariPool-1 - Starting...
2022-05-13 12:23:29.774 [main] INFO  com.zaxxer.hikari.HikariDataSource - HikariPool-1 - Start completed.
2022-05-13 12:23:30.646 [main] INFO  s.d.s.w.PropertySourcedRequestMappingHandlerMapping - Mapped URL path [/v2/api-docs] onto method [springfox.documentation.swagger2.web.Swagger2Controller#getDocumentation(String, HttpServletRequest)]
2022-05-13 12:23:30.786 [main] INFO  o.s.scheduling.concurrent.ThreadPoolTaskExecutor - Initializing ExecutorService 'applicationTaskExecutor'
2022-05-13 12:23:31.397 [main] INFO  s.d.s.web.plugins.DocumentationPluginsBootstrapper - Context refreshed
2022-05-13 12:23:31.412 [main] INFO  s.d.s.web.plugins.DocumentationPluginsBootstrapper - Found 1 custom documentation plugin(s)
2022-05-13 12:23:31.448 [main] INFO  s.d.spring.web.scanners.ApiListingReferenceScanner - Scanning for api listing references
2022-05-13 12:23:31.666 [main] INFO  org.apache.coyote.http11.Http11NioProtocol - Starting ProtocolHandler ["http-nio-8001"]
2022-05-13 12:23:31.692 [main] INFO  o.s.boot.web.embedded.tomcat.TomcatWebServer - Tomcat started on port(s): 8001 (http) with context path ''
2022-05-13 12:23:31.695 [main] INFO  com.guo.eduservice.ServiceEduApplication - Started ServiceEduApplication in 5.214 seconds (JVM running for 6.636)
2022-05-13 12:23:48.664 [http-nio-8001-exec-1] INFO  o.a.c.core.ContainerBase.[Tomcat].[localhost].[/] - Initializing Spring DispatcherServlet 'dispatcherServlet'
2022-05-13 12:23:48.665 [http-nio-8001-exec-1] INFO  org.springframework.web.servlet.DispatcherServlet - Initializing Servlet 'dispatcherServlet'
2022-05-13 12:23:48.673 [http-nio-8001-exec-1] INFO  org.springframework.web.servlet.DispatcherServlet - Completed initialization in 8 ms
2022-05-13 12:26:14.174 [main] INFO  com.guo.eduservice.ServiceEduApplication - Starting ServiceEduApplication on PC201510181117 with PID 3160 (D:\temporay\Project\guli_parent\service\service-edu\target\classes started by zhao_temporary in D:\temporay\Project\guli_parent)
2022-05-13 12:26:14.178 [main] INFO  com.guo.eduservice.ServiceEduApplication - The following profiles are active: dev
2022-05-13 12:26:15.427 [main] INFO  o.s.d.r.config.RepositoryConfigurationDelegate - Multiple Spring Data modules found, entering strict repository configuration mode!
2022-05-13 12:26:15.430 [main] INFO  o.s.d.r.config.RepositoryConfigurationDelegate - Bootstrapping Spring Data Redis repositories in DEFAULT mode.
2022-05-13 12:26:15.470 [main] INFO  o.s.d.r.config.RepositoryConfigurationDelegate - Finished Spring Data repository scanning in 21ms. Found 0 Redis repository interfaces.
2022-05-13 12:26:16.146 [main] INFO  o.s.boot.web.embedded.tomcat.TomcatWebServer - Tomcat initialized with port(s): 8001 (http)
2022-05-13 12:26:16.206 [main] INFO  org.apache.coyote.http11.Http11NioProtocol - Initializing ProtocolHandler ["http-nio-8001"]
2022-05-13 12:26:16.207 [main] INFO  org.apache.catalina.core.StandardService - Starting service [Tomcat]
2022-05-13 12:26:16.208 [main] INFO  org.apache.catalina.core.StandardEngine - Starting Servlet engine: [Apache Tomcat/9.0.33]
2022-05-13 12:26:16.315 [main] INFO  o.a.c.core.ContainerBase.[Tomcat].[localhost].[/] - Initializing Spring embedded WebApplicationContext
2022-05-13 12:26:16.316 [main] INFO  org.springframework.web.context.ContextLoader - Root WebApplicationContext: initialization completed in 2077 ms
2022-05-13 12:26:16.563 [main] INFO  com.zaxxer.hikari.HikariDataSource - HikariPool-1 - Starting...
2022-05-13 12:26:16.847 [main] INFO  com.zaxxer.hikari.HikariDataSource - HikariPool-1 - Start completed.
2022-05-13 12:26:17.713 [main] INFO  s.d.s.w.PropertySourcedRequestMappingHandlerMapping - Mapped URL path [/v2/api-docs] onto method [springfox.documentation.swagger2.web.Swagger2Controller#getDocumentation(String, HttpServletRequest)]
2022-05-13 12:26:17.850 [main] INFO  o.s.scheduling.concurrent.ThreadPoolTaskExecutor - Initializing ExecutorService 'applicationTaskExecutor'
2022-05-13 12:26:18.463 [main] INFO  s.d.s.web.plugins.DocumentationPluginsBootstrapper - Context refreshed
2022-05-13 12:26:18.479 [main] INFO  s.d.s.web.plugins.DocumentationPluginsBootstrapper - Found 1 custom documentation plugin(s)
2022-05-13 12:26:18.515 [main] INFO  s.d.spring.web.scanners.ApiListingReferenceScanner - Scanning for api listing references
2022-05-13 12:26:18.727 [main] INFO  org.apache.coyote.http11.Http11NioProtocol - Starting ProtocolHandler ["http-nio-8001"]
2022-05-13 12:26:18.754 [main] INFO  o.s.boot.web.embedded.tomcat.TomcatWebServer - Tomcat started on port(s): 8001 (http) with context path ''
2022-05-13 12:26:18.757 [main] INFO  com.guo.eduservice.ServiceEduApplication - Started ServiceEduApplication in 5.875 seconds (JVM running for 7.101)
2022-05-13 12:28:31.522 [main] INFO  com.guo.eduservice.ServiceEduApplication - Starting ServiceEduApplication on PC201510181117 with PID 6816 (D:\temporay\Project\guli_parent\service\service-edu\target\classes started by zhao_temporary in D:\temporay\Project\guli_parent)
2022-05-13 12:28:31.529 [main] INFO  com.guo.eduservice.ServiceEduApplication - The following profiles are active: dev
2022-05-13 12:28:32.744 [main] INFO  o.s.d.r.config.RepositoryConfigurationDelegate - Multiple Spring Data modules found, entering strict repository configuration mode!
2022-05-13 12:28:32.748 [main] INFO  o.s.d.r.config.RepositoryConfigurationDelegate - Bootstrapping Spring Data Redis repositories in DEFAULT mode.
2022-05-13 12:28:32.804 [main] INFO  o.s.d.r.config.RepositoryConfigurationDelegate - Finished Spring Data repository scanning in 31ms. Found 0 Redis repository interfaces.
2022-05-13 12:28:33.782 [main] INFO  o.s.boot.web.embedded.tomcat.TomcatWebServer - Tomcat initialized with port(s): 8001 (http)
2022-05-13 12:28:33.794 [main] INFO  org.apache.coyote.http11.Http11NioProtocol - Initializing ProtocolHandler ["http-nio-8001"]
2022-05-13 12:28:33.795 [main] INFO  org.apache.catalina.core.StandardService - Starting service [Tomcat]
2022-05-13 12:28:33.795 [main] INFO  org.apache.catalina.core.StandardEngine - Starting Servlet engine: [Apache Tomcat/9.0.33]
2022-05-13 12:28:34.012 [main] INFO  o.a.c.core.ContainerBase.[Tomcat].[localhost].[/] - Initializing Spring embedded WebApplicationContext
2022-05-13 12:28:34.013 [main] INFO  org.springframework.web.context.ContextLoader - Root WebApplicationContext: initialization completed in 2398 ms
2022-05-13 12:28:34.311 [main] INFO  com.zaxxer.hikari.HikariDataSource - HikariPool-1 - Starting...
2022-05-13 12:28:34.770 [main] INFO  com.zaxxer.hikari.HikariDataSource - HikariPool-1 - Start completed.
2022-05-13 12:28:35.926 [main] INFO  s.d.s.w.PropertySourcedRequestMappingHandlerMapping - Mapped URL path [/v2/api-docs] onto method [springfox.documentation.swagger2.web.Swagger2Controller#getDocumentation(String, HttpServletRequest)]
2022-05-13 12:28:36.094 [main] INFO  o.s.scheduling.concurrent.ThreadPoolTaskExecutor - Initializing ExecutorService 'applicationTaskExecutor'
2022-05-13 12:28:36.919 [main] INFO  s.d.s.web.plugins.DocumentationPluginsBootstrapper - Context refreshed
2022-05-13 12:28:36.938 [main] INFO  s.d.s.web.plugins.DocumentationPluginsBootstrapper - Found 1 custom documentation plugin(s)
2022-05-13 12:28:36.984 [main] INFO  s.d.spring.web.scanners.ApiListingReferenceScanner - Scanning for api listing references
2022-05-13 12:28:37.270 [main] INFO  org.apache.coyote.http11.Http11NioProtocol - Starting ProtocolHandler ["http-nio-8001"]
2022-05-13 12:28:37.303 [main] INFO  o.s.boot.web.embedded.tomcat.TomcatWebServer - Tomcat started on port(s): 8001 (http) with context path ''
2022-05-13 12:28:37.308 [main] INFO  com.guo.eduservice.ServiceEduApplication - Started ServiceEduApplication in 7.255 seconds (JVM running for 9.214)
2022-05-13 12:28:42.182 [http-nio-8001-exec-1] INFO  o.a.c.core.ContainerBase.[Tomcat].[localhost].[/] - Initializing Spring DispatcherServlet 'dispatcherServlet'
2022-05-13 12:28:42.182 [http-nio-8001-exec-1] INFO  org.springframework.web.servlet.DispatcherServlet - Initializing Servlet 'dispatcherServlet'
2022-05-13 12:28:42.193 [http-nio-8001-exec-1] INFO  org.springframework.web.servlet.DispatcherServlet - Completed initialization in 11 ms
2022-05-13 12:38:36.625 [main] INFO  com.guo.eduservice.ServiceEduApplication - Starting ServiceEduApplication on PC201510181117 with PID 5116 (D:\temporay\Project\guli_parent\service\service-edu\target\classes started by zhao_temporary in D:\temporay\Project\guli_parent)
2022-05-13 12:38:36.628 [main] INFO  com.guo.eduservice.ServiceEduApplication - The following profiles are active: dev
2022-05-13 12:38:37.707 [main] INFO  o.s.d.r.config.RepositoryConfigurationDelegate - Multiple Spring Data modules found, entering strict repository configuration mode!
2022-05-13 12:38:37.711 [main] INFO  o.s.d.r.config.RepositoryConfigurationDelegate - Bootstrapping Spring Data Redis repositories in DEFAULT mode.
2022-05-13 12:38:37.765 [main] INFO  o.s.d.r.config.RepositoryConfigurationDelegate - Finished Spring Data repository scanning in 28ms. Found 0 Redis repository interfaces.
2022-05-13 12:38:38.562 [main] INFO  o.s.boot.web.embedded.tomcat.TomcatWebServer - Tomcat initialized with port(s): 8001 (http)
2022-05-13 12:38:38.620 [main] INFO  org.apache.coyote.http11.Http11NioProtocol - Initializing ProtocolHandler ["http-nio-8001"]
2022-05-13 12:38:38.621 [main] INFO  org.apache.catalina.core.StandardService - Starting service [Tomcat]
2022-05-13 12:38:38.622 [main] INFO  org.apache.catalina.core.StandardEngine - Starting Servlet engine: [Apache Tomcat/9.0.33]
2022-05-13 12:38:38.725 [main] INFO  o.a.c.core.ContainerBase.[Tomcat].[localhost].[/] - Initializing Spring embedded WebApplicationContext
2022-05-13 12:38:38.725 [main] INFO  org.springframework.web.context.ContextLoader - Root WebApplicationContext: initialization completed in 2049 ms
2022-05-13 12:38:38.990 [main] INFO  com.zaxxer.hikari.HikariDataSource - HikariPool-1 - Starting...
2022-05-13 12:38:39.265 [main] INFO  com.zaxxer.hikari.HikariDataSource - HikariPool-1 - Start completed.
2022-05-13 12:38:40.152 [main] INFO  s.d.s.w.PropertySourcedRequestMappingHandlerMapping - Mapped URL path [/v2/api-docs] onto method [springfox.documentation.swagger2.web.Swagger2Controller#getDocumentation(String, HttpServletRequest)]
2022-05-13 12:38:40.303 [main] INFO  o.s.scheduling.concurrent.ThreadPoolTaskExecutor - Initializing ExecutorService 'applicationTaskExecutor'
2022-05-13 12:38:40.919 [main] INFO  s.d.s.web.plugins.DocumentationPluginsBootstrapper - Context refreshed
2022-05-13 12:38:40.934 [main] INFO  s.d.s.web.plugins.DocumentationPluginsBootstrapper - Found 1 custom documentation plugin(s)
2022-05-13 12:38:40.968 [main] INFO  s.d.spring.web.scanners.ApiListingReferenceScanner - Scanning for api listing references
2022-05-13 12:38:41.184 [main] INFO  org.apache.coyote.http11.Http11NioProtocol - Starting ProtocolHandler ["http-nio-8001"]
2022-05-13 12:38:41.216 [main] INFO  o.s.boot.web.embedded.tomcat.TomcatWebServer - Tomcat started on port(s): 8001 (http) with context path ''
2022-05-13 12:38:41.220 [main] INFO  com.guo.eduservice.ServiceEduApplication - Started ServiceEduApplication in 5.368 seconds (JVM running for 6.838)
2022-05-13 12:45:22.487 [http-nio-8001-exec-2] INFO  o.a.c.core.ContainerBase.[Tomcat].[localhost].[/] - Initializing Spring DispatcherServlet 'dispatcherServlet'
2022-05-13 12:45:22.487 [http-nio-8001-exec-2] INFO  org.springframework.web.servlet.DispatcherServlet - Initializing Servlet 'dispatcherServlet'
2022-05-13 12:45:22.496 [http-nio-8001-exec-2] INFO  org.springframework.web.servlet.DispatcherServlet - Completed initialization in 8 ms
2022-05-13 13:21:20.607 [main] INFO  com.guo.eduservice.ServiceEduApplication - Starting ServiceEduApplication on PC201510181117 with PID 6012 (D:\temporay\Project\guli_parent\service\service-edu\target\classes started by zhao_temporary in D:\temporay\Project\guli_parent)
2022-05-13 13:21:20.610 [main] INFO  com.guo.eduservice.ServiceEduApplication - The following profiles are active: dev
2022-05-13 13:21:21.593 [main] INFO  o.s.d.r.config.RepositoryConfigurationDelegate - Multiple Spring Data modules found, entering strict repository configuration mode!
2022-05-13 13:21:21.596 [main] INFO  o.s.d.r.config.RepositoryConfigurationDelegate - Bootstrapping Spring Data Redis repositories in DEFAULT mode.
2022-05-13 13:21:21.634 [main] INFO  o.s.d.r.config.RepositoryConfigurationDelegate - Finished Spring Data repository scanning in 20ms. Found 0 Redis repository interfaces.
2022-05-13 13:21:22.293 [main] INFO  o.s.boot.web.embedded.tomcat.TomcatWebServer - Tomcat initialized with port(s): 8001 (http)
2022-05-13 13:21:22.352 [main] INFO  org.apache.coyote.http11.Http11NioProtocol - Initializing ProtocolHandler ["http-nio-8001"]
2022-05-13 13:21:22.353 [main] INFO  org.apache.catalina.core.StandardService - Starting service [Tomcat]
2022-05-13 13:21:22.354 [main] INFO  org.apache.catalina.core.StandardEngine - Starting Servlet engine: [Apache Tomcat/9.0.33]
2022-05-13 13:21:22.477 [main] INFO  o.a.c.core.ContainerBase.[Tomcat].[localhost].[/] - Initializing Spring embedded WebApplicationContext
2022-05-13 13:21:22.477 [main] INFO  org.springframework.web.context.ContextLoader - Root WebApplicationContext: initialization completed in 1822 ms
2022-05-13 13:21:22.693 [main] INFO  com.zaxxer.hikari.HikariDataSource - HikariPool-1 - Starting...
2022-05-13 13:21:22.957 [main] INFO  com.zaxxer.hikari.HikariDataSource - HikariPool-1 - Start completed.
2022-05-13 13:21:23.882 [main] INFO  s.d.s.w.PropertySourcedRequestMappingHandlerMapping - Mapped URL path [/v2/api-docs] onto method [springfox.documentation.swagger2.web.Swagger2Controller#getDocumentation(String, HttpServletRequest)]
2022-05-13 13:21:24.030 [main] INFO  o.s.scheduling.concurrent.ThreadPoolTaskExecutor - Initializing ExecutorService 'applicationTaskExecutor'
2022-05-13 13:21:24.636 [main] INFO  s.d.s.web.plugins.DocumentationPluginsBootstrapper - Context refreshed
2022-05-13 13:21:24.650 [main] INFO  s.d.s.web.plugins.DocumentationPluginsBootstrapper - Found 1 custom documentation plugin(s)
2022-05-13 13:21:24.686 [main] INFO  s.d.spring.web.scanners.ApiListingReferenceScanner - Scanning for api listing references
2022-05-13 13:21:24.891 [main] INFO  org.apache.coyote.http11.Http11NioProtocol - Starting ProtocolHandler ["http-nio-8001"]
2022-05-13 13:21:24.916 [main] INFO  o.s.boot.web.embedded.tomcat.TomcatWebServer - Tomcat started on port(s): 8001 (http) with context path ''
2022-05-13 13:21:24.919 [main] INFO  com.guo.eduservice.ServiceEduApplication - Started ServiceEduApplication in 5.246 seconds (JVM running for 6.368)
2022-05-13 13:21:42.187 [http-nio-8001-exec-1] INFO  o.a.c.core.ContainerBase.[Tomcat].[localhost].[/] - Initializing Spring DispatcherServlet 'dispatcherServlet'
2022-05-13 13:21:42.187 [http-nio-8001-exec-1] INFO  org.springframework.web.servlet.DispatcherServlet - Initializing Servlet 'dispatcherServlet'
2022-05-13 13:21:42.199 [http-nio-8001-exec-1] INFO  org.springframework.web.servlet.DispatcherServlet - Completed initialization in 12 ms
2022-05-13 15:48:53.858 [main] INFO  com.guo.eduservice.ServiceEduApplication - Starting ServiceEduApplication on PC201510181117 with PID 6188 (D:\temporay\Project\guli_parent\service\service-edu\target\classes started by zhao_temporary in D:\temporay\Project\guli_parent)
2022-05-13 15:48:53.861 [main] INFO  com.guo.eduservice.ServiceEduApplication - The following profiles are active: dev
2022-05-13 15:48:54.950 [main] INFO  o.s.d.r.config.RepositoryConfigurationDelegate - Multiple Spring Data modules found, entering strict repository configuration mode!
2022-05-13 15:48:54.953 [main] INFO  o.s.d.r.config.RepositoryConfigurationDelegate - Bootstrapping Spring Data Redis repositories in DEFAULT mode.
2022-05-13 15:48:54.990 [main] INFO  o.s.d.r.config.RepositoryConfigurationDelegate - Finished Spring Data repository scanning in 20ms. Found 0 Redis repository interfaces.
2022-05-13 15:48:55.684 [main] INFO  o.s.boot.web.embedded.tomcat.TomcatWebServer - Tomcat initialized with port(s): 8001 (http)
2022-05-13 15:48:55.745 [main] INFO  org.apache.coyote.http11.Http11NioProtocol - Initializing ProtocolHandler ["http-nio-8001"]
2022-05-13 15:48:55.746 [main] INFO  org.apache.catalina.core.StandardService - Starting service [Tomcat]
2022-05-13 15:48:55.746 [main] INFO  org.apache.catalina.core.StandardEngine - Starting Servlet engine: [Apache Tomcat/9.0.33]
2022-05-13 15:48:55.856 [main] INFO  o.a.c.core.ContainerBase.[Tomcat].[localhost].[/] - Initializing Spring embedded WebApplicationContext
2022-05-13 15:48:55.857 [main] INFO  org.springframework.web.context.ContextLoader - Root WebApplicationContext: initialization completed in 1953 ms
2022-05-13 15:48:56.065 [main] INFO  com.zaxxer.hikari.HikariDataSource - HikariPool-1 - Starting...
2022-05-13 15:48:56.323 [main] INFO  com.zaxxer.hikari.HikariDataSource - HikariPool-1 - Start completed.
2022-05-13 15:48:57.215 [main] INFO  s.d.s.w.PropertySourcedRequestMappingHandlerMapping - Mapped URL path [/v2/api-docs] onto method [springfox.documentation.swagger2.web.Swagger2Controller#getDocumentation(String, HttpServletRequest)]
2022-05-13 15:48:57.348 [main] INFO  o.s.scheduling.concurrent.ThreadPoolTaskExecutor - Initializing ExecutorService 'applicationTaskExecutor'
2022-05-13 15:48:57.968 [main] INFO  s.d.s.web.plugins.DocumentationPluginsBootstrapper - Context refreshed
2022-05-13 15:48:57.984 [main] INFO  s.d.s.web.plugins.DocumentationPluginsBootstrapper - Found 1 custom documentation plugin(s)
2022-05-13 15:48:58.019 [main] INFO  s.d.spring.web.scanners.ApiListingReferenceScanner - Scanning for api listing references
2022-05-13 15:48:58.219 [main] INFO  org.apache.coyote.http11.Http11NioProtocol - Starting ProtocolHandler ["http-nio-8001"]
2022-05-13 15:48:58.245 [main] INFO  o.s.boot.web.embedded.tomcat.TomcatWebServer - Tomcat started on port(s): 8001 (http) with context path ''
2022-05-13 15:48:58.249 [main] INFO  com.guo.eduservice.ServiceEduApplication - Started ServiceEduApplication in 5.379 seconds (JVM running for 6.636)
2022-05-13 15:49:09.353 [http-nio-8001-exec-1] INFO  o.a.c.core.ContainerBase.[Tomcat].[localhost].[/] - Initializing Spring DispatcherServlet 'dispatcherServlet'
2022-05-13 15:49:09.354 [http-nio-8001-exec-1] INFO  org.springframework.web.servlet.DispatcherServlet - Initializing Servlet 'dispatcherServlet'
2022-05-13 15:49:09.368 [http-nio-8001-exec-1] INFO  org.springframework.web.servlet.DispatcherServlet - Completed initialization in 14 ms
2022-05-13 18:04:53.062 [main] INFO  com.guo.eduservice.ServiceEduApplication - Starting ServiceEduApplication on PC201510181117 with PID 7636 (D:\temporay\Project\guli_parent\service\service-edu\target\classes started by zhao_temporary in D:\temporay\Project\guli_parent)
2022-05-13 18:04:53.065 [main] INFO  com.guo.eduservice.ServiceEduApplication - The following profiles are active: dev
2022-05-13 18:04:54.075 [main] INFO  o.s.d.r.config.RepositoryConfigurationDelegate - Multiple Spring Data modules found, entering strict repository configuration mode!
2022-05-13 18:04:54.077 [main] INFO  o.s.d.r.config.RepositoryConfigurationDelegate - Bootstrapping Spring Data Redis repositories in DEFAULT mode.
2022-05-13 18:04:54.116 [main] INFO  o.s.d.r.config.RepositoryConfigurationDelegate - Finished Spring Data repository scanning in 20ms. Found 0 Redis repository interfaces.
2022-05-13 18:04:54.780 [main] INFO  o.s.boot.web.embedded.tomcat.TomcatWebServer - Tomcat initialized with port(s): 8001 (http)
2022-05-13 18:04:54.790 [main] INFO  org.apache.coyote.http11.Http11NioProtocol - Initializing ProtocolHandler ["http-nio-8001"]
2022-05-13 18:04:54.791 [main] INFO  org.apache.catalina.core.StandardService - Starting service [Tomcat]
2022-05-13 18:04:54.791 [main] INFO  org.apache.catalina.core.StandardEngine - Starting Servlet engine: [Apache Tomcat/9.0.33]
2022-05-13 18:04:54.948 [main] INFO  o.a.c.core.ContainerBase.[Tomcat].[localhost].[/] - Initializing Spring embedded WebApplicationContext
2022-05-13 18:04:54.948 [main] INFO  org.springframework.web.context.ContextLoader - Root WebApplicationContext: initialization completed in 1835 ms
2022-05-13 18:04:55.314 [main] INFO  com.zaxxer.hikari.HikariDataSource - HikariPool-1 - Starting...
2022-05-13 18:04:55.774 [main] INFO  com.zaxxer.hikari.HikariDataSource - HikariPool-1 - Start completed.
2022-05-13 18:04:56.706 [main] INFO  s.d.s.w.PropertySourcedRequestMappingHandlerMapping - Mapped URL path [/v2/api-docs] onto method [springfox.documentation.swagger2.web.Swagger2Controller#getDocumentation(String, HttpServletRequest)]
2022-05-13 18:04:56.845 [main] INFO  o.s.scheduling.concurrent.ThreadPoolTaskExecutor - Initializing ExecutorService 'applicationTaskExecutor'
2022-05-13 18:04:57.471 [main] INFO  s.d.s.web.plugins.DocumentationPluginsBootstrapper - Context refreshed
2022-05-13 18:04:57.486 [main] INFO  s.d.s.web.plugins.DocumentationPluginsBootstrapper - Found 1 custom documentation plugin(s)
2022-05-13 18:04:57.523 [main] INFO  s.d.spring.web.scanners.ApiListingReferenceScanner - Scanning for api listing references
2022-05-13 18:04:57.773 [main] INFO  org.apache.coyote.http11.Http11NioProtocol - Starting ProtocolHandler ["http-nio-8001"]
2022-05-13 18:04:57.802 [main] INFO  o.s.boot.web.embedded.tomcat.TomcatWebServer - Tomcat started on port(s): 8001 (http) with context path ''
2022-05-13 18:04:57.806 [main] INFO  com.guo.eduservice.ServiceEduApplication - Started ServiceEduApplication in 5.508 seconds (JVM running for 6.745)
2022-05-13 18:05:09.631 [http-nio-8001-exec-1] INFO  o.a.c.core.ContainerBase.[Tomcat].[localhost].[/] - Initializing Spring DispatcherServlet 'dispatcherServlet'
2022-05-13 18:05:09.631 [http-nio-8001-exec-1] INFO  org.springframework.web.servlet.DispatcherServlet - Initializing Servlet 'dispatcherServlet'
2022-05-13 18:05:09.665 [http-nio-8001-exec-1] INFO  org.springframework.web.servlet.DispatcherServlet - Completed initialization in 33 ms
2022-05-13 18:07:36.136 [main] INFO  com.guo.eduservice.ServiceEduApplication - Starting ServiceEduApplication on PC201510181117 with PID 6500 (D:\temporay\Project\guli_parent\service\service-edu\target\classes started by zhao_temporary in D:\temporay\Project\guli_parent)
2022-05-13 18:07:36.140 [main] INFO  com.guo.eduservice.ServiceEduApplication - The following profiles are active: dev
2022-05-13 18:07:37.136 [main] INFO  o.s.d.r.config.RepositoryConfigurationDelegate - Multiple Spring Data modules found, entering strict repository configuration mode!
2022-05-13 18:07:37.139 [main] INFO  o.s.d.r.config.RepositoryConfigurationDelegate - Bootstrapping Spring Data Redis repositories in DEFAULT mode.
2022-05-13 18:07:37.177 [main] INFO  o.s.d.r.config.RepositoryConfigurationDelegate - Finished Spring Data repository scanning in 20ms. Found 0 Redis repository interfaces.
2022-05-13 18:07:37.896 [main] INFO  o.s.boot.web.embedded.tomcat.TomcatWebServer - Tomcat initialized with port(s): 8001 (http)
2022-05-13 18:07:37.954 [main] INFO  org.apache.coyote.http11.Http11NioProtocol - Initializing ProtocolHandler ["http-nio-8001"]
2022-05-13 18:07:37.955 [main] INFO  org.apache.catalina.core.StandardService - Starting service [Tomcat]
2022-05-13 18:07:37.955 [main] INFO  org.apache.catalina.core.StandardEngine - Starting Servlet engine: [Apache Tomcat/9.0.33]
2022-05-13 18:07:38.084 [main] INFO  o.a.c.core.ContainerBase.[Tomcat].[localhost].[/] - Initializing Spring embedded WebApplicationContext
2022-05-13 18:07:38.084 [main] INFO  org.springframework.web.context.ContextLoader - Root WebApplicationContext: initialization completed in 1897 ms
2022-05-13 18:07:38.333 [main] INFO  com.zaxxer.hikari.HikariDataSource - HikariPool-1 - Starting...
2022-05-13 18:07:38.640 [main] INFO  com.zaxxer.hikari.HikariDataSource - HikariPool-1 - Start completed.
2022-05-13 18:07:39.545 [main] INFO  s.d.s.w.PropertySourcedRequestMappingHandlerMapping - Mapped URL path [/v2/api-docs] onto method [springfox.documentation.swagger2.web.Swagger2Controller#getDocumentation(String, HttpServletRequest)]
2022-05-13 18:07:39.705 [main] INFO  o.s.scheduling.concurrent.ThreadPoolTaskExecutor - Initializing ExecutorService 'applicationTaskExecutor'
2022-05-13 18:07:40.345 [main] INFO  s.d.s.web.plugins.DocumentationPluginsBootstrapper - Context refreshed
2022-05-13 18:07:40.360 [main] INFO  s.d.s.web.plugins.DocumentationPluginsBootstrapper - Found 1 custom documentation plugin(s)
2022-05-13 18:07:40.397 [main] INFO  s.d.spring.web.scanners.ApiListingReferenceScanner - Scanning for api listing references
2022-05-13 18:07:40.638 [main] INFO  org.apache.coyote.http11.Http11NioProtocol - Starting ProtocolHandler ["http-nio-8001"]
2022-05-13 18:07:40.665 [main] INFO  o.s.boot.web.embedded.tomcat.TomcatWebServer - Tomcat started on port(s): 8001 (http) with context path ''
2022-05-13 18:07:40.670 [main] INFO  com.guo.eduservice.ServiceEduApplication - Started ServiceEduApplication in 5.23 seconds (JVM running for 6.571)
2022-05-13 18:34:41.044 [http-nio-8001-exec-1] INFO  o.a.c.core.ContainerBase.[Tomcat].[localhost].[/] - Initializing Spring DispatcherServlet 'dispatcherServlet'
2022-05-13 18:34:41.044 [http-nio-8001-exec-1] INFO  org.springframework.web.servlet.DispatcherServlet - Initializing Servlet 'dispatcherServlet'
2022-05-13 18:34:41.073 [http-nio-8001-exec-1] INFO  org.springframework.web.servlet.DispatcherServlet - Completed initialization in 28 ms
