2022-05-11 12:22:05.602 [main] INFO  com.guo.eduservice.ServiceEduApplication - Starting ServiceEduApplication on PC201510181117 with PID 4196 (D:\temporay\Project\guli_parent\service\service-edu\target\classes started by zhao_temporary in D:\temporay\Project\guli_parent)
2022-05-11 12:22:05.627 [main] INFO  com.guo.eduservice.ServiceEduApplication - The following profiles are active: dev
2022-05-11 12:22:08.030 [main] INFO  o.s.d.r.config.RepositoryConfigurationDelegate - Multiple Spring Data modules found, entering strict repository configuration mode!
2022-05-11 12:22:08.034 [main] INFO  o.s.d.r.config.RepositoryConfigurationDelegate - Bootstrapping Spring Data Redis repositories in DEFAULT mode.
2022-05-11 12:22:08.141 [main] INFO  o.s.d.r.config.RepositoryConfigurationDelegate - Finished Spring Data repository scanning in 42ms. Found 0 Redis repository interfaces.
2022-05-11 12:22:09.574 [main] INFO  o.s.boot.web.embedded.tomcat.TomcatWebServer - Tomcat initialized with port(s): 8001 (http)
2022-05-11 12:22:09.589 [main] INFO  org.apache.coyote.http11.Http11NioProtocol - Initializing ProtocolHandler ["http-nio-8001"]
2022-05-11 12:22:09.590 [main] INFO  org.apache.catalina.core.StandardService - Starting service [Tomcat]
2022-05-11 12:22:09.590 [main] INFO  org.apache.catalina.core.StandardEngine - Starting Servlet engine: [Apache Tomcat/9.0.33]
2022-05-11 12:22:09.738 [main] INFO  o.a.c.core.ContainerBase.[Tomcat].[localhost].[/] - Initializing Spring embedded WebApplicationContext
2022-05-11 12:22:09.739 [main] INFO  org.springframework.web.context.ContextLoader - Root WebApplicationContext: initialization completed in 4012 ms
2022-05-11 12:22:10.194 [main] INFO  com.zaxxer.hikari.HikariDataSource - HikariPool-1 - Starting...
2022-05-11 12:22:13.394 [main] INFO  org.apache.catalina.core.StandardService - Stopping service [Tomcat]
2022-05-11 12:22:13.406 [main] INFO  o.s.b.a.l.ConditionEvaluationReportLoggingListener - 

Error starting ApplicationContext. To display the conditions report re-run your application with 'debug' enabled.
2022-05-11 12:24:38.763 [main] INFO  com.guo.eduservice.ServiceEduApplication - Starting ServiceEduApplication on PC201510181117 with PID 5152 (D:\temporay\Project\guli_parent\service\service-edu\target\classes started by zhao_temporary in D:\temporay\Project\guli_parent)
2022-05-11 12:24:38.768 [main] INFO  com.guo.eduservice.ServiceEduApplication - The following profiles are active: dev
2022-05-11 12:24:40.310 [main] INFO  o.s.d.r.config.RepositoryConfigurationDelegate - Multiple Spring Data modules found, entering strict repository configuration mode!
2022-05-11 12:24:40.314 [main] INFO  o.s.d.r.config.RepositoryConfigurationDelegate - Bootstrapping Spring Data Redis repositories in DEFAULT mode.
2022-05-11 12:24:40.373 [main] INFO  o.s.d.r.config.RepositoryConfigurationDelegate - Finished Spring Data repository scanning in 25ms. Found 0 Redis repository interfaces.
2022-05-11 12:24:41.323 [main] INFO  o.s.boot.web.embedded.tomcat.TomcatWebServer - Tomcat initialized with port(s): 8001 (http)
2022-05-11 12:24:41.335 [main] INFO  org.apache.coyote.http11.Http11NioProtocol - Initializing ProtocolHandler ["http-nio-8001"]
2022-05-11 12:24:41.336 [main] INFO  org.apache.catalina.core.StandardService - Starting service [Tomcat]
2022-05-11 12:24:41.337 [main] INFO  org.apache.catalina.core.StandardEngine - Starting Servlet engine: [Apache Tomcat/9.0.33]
2022-05-11 12:24:41.473 [main] INFO  o.a.c.core.ContainerBase.[Tomcat].[localhost].[/] - Initializing Spring embedded WebApplicationContext
2022-05-11 12:24:41.474 [main] INFO  org.springframework.web.context.ContextLoader - Root WebApplicationContext: initialization completed in 2600 ms
2022-05-11 12:24:41.792 [main] INFO  com.zaxxer.hikari.HikariDataSource - HikariPool-1 - Starting...
2022-05-11 12:24:46.761 [main] INFO  com.zaxxer.hikari.HikariDataSource - HikariPool-1 - Start completed.
2022-05-11 12:24:47.934 [main] INFO  s.d.s.w.PropertySourcedRequestMappingHandlerMapping - Mapped URL path [/v2/api-docs] onto method [springfox.documentation.swagger2.web.Swagger2Controller#getDocumentation(String, HttpServletRequest)]
2022-05-11 12:24:48.213 [main] INFO  o.s.scheduling.concurrent.ThreadPoolTaskExecutor - Initializing ExecutorService 'applicationTaskExecutor'
2022-05-11 12:24:49.719 [main] INFO  s.d.s.web.plugins.DocumentationPluginsBootstrapper - Context refreshed
2022-05-11 12:24:49.795 [main] INFO  s.d.s.web.plugins.DocumentationPluginsBootstrapper - Found 1 custom documentation plugin(s)
2022-05-11 12:24:49.858 [main] INFO  s.d.spring.web.scanners.ApiListingReferenceScanner - Scanning for api listing references
2022-05-11 12:24:50.102 [main] INFO  org.apache.coyote.http11.Http11NioProtocol - Starting ProtocolHandler ["http-nio-8001"]
2022-05-11 12:24:50.138 [main] INFO  o.s.boot.web.embedded.tomcat.TomcatWebServer - Tomcat started on port(s): 8001 (http) with context path ''
2022-05-11 12:24:50.142 [main] INFO  com.guo.eduservice.ServiceEduApplication - Started ServiceEduApplication in 12.599 seconds (JVM running for 15.93)
2022-05-11 13:37:21.813 [main] INFO  com.guo.eduservice.ServiceEduApplication - Starting ServiceEduApplication on PC201510181117 with PID 1232 (D:\temporay\Project\guli_parent\service\service-edu\target\classes started by zhao_temporary in D:\temporay\Project\guli_parent)
2022-05-11 13:37:21.817 [main] INFO  com.guo.eduservice.ServiceEduApplication - The following profiles are active: dev
2022-05-11 13:37:23.208 [main] INFO  o.s.d.r.config.RepositoryConfigurationDelegate - Multiple Spring Data modules found, entering strict repository configuration mode!
2022-05-11 13:37:23.222 [main] INFO  o.s.d.r.config.RepositoryConfigurationDelegate - Bootstrapping Spring Data Redis repositories in DEFAULT mode.
2022-05-11 13:37:23.268 [main] INFO  o.s.d.r.config.RepositoryConfigurationDelegate - Finished Spring Data repository scanning in 16ms. Found 0 Redis repository interfaces.
2022-05-11 13:37:24.156 [main] INFO  o.s.boot.web.embedded.tomcat.TomcatWebServer - Tomcat initialized with port(s): 8001 (http)
2022-05-11 13:37:24.173 [main] INFO  org.apache.coyote.http11.Http11NioProtocol - Initializing ProtocolHandler ["http-nio-8001"]
2022-05-11 13:37:24.174 [main] INFO  org.apache.catalina.core.StandardService - Starting service [Tomcat]
2022-05-11 13:37:24.175 [main] INFO  org.apache.catalina.core.StandardEngine - Starting Servlet engine: [Apache Tomcat/9.0.33]
2022-05-11 13:37:24.363 [main] INFO  o.a.c.core.ContainerBase.[Tomcat].[localhost].[/] - Initializing Spring embedded WebApplicationContext
2022-05-11 13:37:24.363 [main] INFO  org.springframework.web.context.ContextLoader - Root WebApplicationContext: initialization completed in 2454 ms
2022-05-11 13:37:24.658 [main] INFO  com.zaxxer.hikari.HikariDataSource - HikariPool-1 - Starting...
2022-05-11 13:37:25.156 [main] INFO  com.zaxxer.hikari.HikariDataSource - HikariPool-1 - Start completed.
2022-05-11 13:37:26.016 [main] INFO  s.d.s.w.PropertySourcedRequestMappingHandlerMapping - Mapped URL path [/v2/api-docs] onto method [springfox.documentation.swagger2.web.Swagger2Controller#getDocumentation(String, HttpServletRequest)]
2022-05-11 13:37:26.168 [main] INFO  o.s.scheduling.concurrent.ThreadPoolTaskExecutor - Initializing ExecutorService 'applicationTaskExecutor'
2022-05-11 13:37:26.972 [main] INFO  s.d.s.web.plugins.DocumentationPluginsBootstrapper - Context refreshed
2022-05-11 13:37:27.010 [main] INFO  s.d.s.web.plugins.DocumentationPluginsBootstrapper - Found 1 custom documentation plugin(s)
2022-05-11 13:37:27.195 [main] INFO  s.d.spring.web.scanners.ApiListingReferenceScanner - Scanning for api listing references
2022-05-11 13:37:27.606 [main] INFO  org.apache.coyote.http11.Http11NioProtocol - Starting ProtocolHandler ["http-nio-8001"]
2022-05-11 13:37:27.726 [main] INFO  o.s.boot.web.embedded.tomcat.TomcatWebServer - Tomcat started on port(s): 8001 (http) with context path ''
2022-05-11 13:37:27.730 [main] INFO  com.guo.eduservice.ServiceEduApplication - Started ServiceEduApplication in 7.18 seconds (JVM running for 8.96)
2022-05-11 14:12:17.303 [main] INFO  com.guo.eduservice.ServiceEduApplication - Starting ServiceEduApplication on PC201510181117 with PID 6792 (D:\temporay\Project\guli_parent\service\service-edu\target\classes started by zhao_temporary in D:\temporay\Project\guli_parent)
2022-05-11 14:12:17.311 [main] INFO  com.guo.eduservice.ServiceEduApplication - The following profiles are active: dev
2022-05-11 14:12:18.995 [main] INFO  o.s.d.r.config.RepositoryConfigurationDelegate - Multiple Spring Data modules found, entering strict repository configuration mode!
2022-05-11 14:12:19.010 [main] INFO  o.s.d.r.config.RepositoryConfigurationDelegate - Bootstrapping Spring Data Redis repositories in DEFAULT mode.
2022-05-11 14:12:19.063 [main] INFO  o.s.d.r.config.RepositoryConfigurationDelegate - Finished Spring Data repository scanning in 27ms. Found 0 Redis repository interfaces.
2022-05-11 14:12:20.519 [main] INFO  o.s.boot.web.embedded.tomcat.TomcatWebServer - Tomcat initialized with port(s): 8001 (http)
2022-05-11 14:12:20.534 [main] INFO  org.apache.coyote.http11.Http11NioProtocol - Initializing ProtocolHandler ["http-nio-8001"]
2022-05-11 14:12:20.535 [main] INFO  org.apache.catalina.core.StandardService - Starting service [Tomcat]
2022-05-11 14:12:20.535 [main] INFO  org.apache.catalina.core.StandardEngine - Starting Servlet engine: [Apache Tomcat/9.0.33]
2022-05-11 14:12:20.752 [main] INFO  o.a.c.core.ContainerBase.[Tomcat].[localhost].[/] - Initializing Spring embedded WebApplicationContext
2022-05-11 14:12:20.752 [main] INFO  org.springframework.web.context.ContextLoader - Root WebApplicationContext: initialization completed in 3376 ms
2022-05-11 14:12:21.186 [main] INFO  com.zaxxer.hikari.HikariDataSource - HikariPool-1 - Starting...
2022-05-11 14:12:21.719 [main] INFO  com.zaxxer.hikari.HikariDataSource - HikariPool-1 - Start completed.
2022-05-11 14:12:22.833 [main] INFO  s.d.s.w.PropertySourcedRequestMappingHandlerMapping - Mapped URL path [/v2/api-docs] onto method [springfox.documentation.swagger2.web.Swagger2Controller#getDocumentation(String, HttpServletRequest)]
2022-05-11 14:12:22.978 [main] INFO  o.s.scheduling.concurrent.ThreadPoolTaskExecutor - Initializing ExecutorService 'applicationTaskExecutor'
2022-05-11 14:12:23.723 [main] INFO  s.d.s.web.plugins.DocumentationPluginsBootstrapper - Context refreshed
2022-05-11 14:12:23.738 [main] INFO  s.d.s.web.plugins.DocumentationPluginsBootstrapper - Found 1 custom documentation plugin(s)
2022-05-11 14:12:23.788 [main] INFO  s.d.spring.web.scanners.ApiListingReferenceScanner - Scanning for api listing references
2022-05-11 14:12:24.018 [main] INFO  org.apache.coyote.http11.Http11NioProtocol - Starting ProtocolHandler ["http-nio-8001"]
2022-05-11 14:12:24.050 [main] INFO  o.s.boot.web.embedded.tomcat.TomcatWebServer - Tomcat started on port(s): 8001 (http) with context path ''
2022-05-11 14:12:24.053 [main] INFO  com.guo.eduservice.ServiceEduApplication - Started ServiceEduApplication in 8.932 seconds (JVM running for 10.057)
2022-05-11 14:12:29.572 [http-nio-8001-exec-3] INFO  o.a.c.core.ContainerBase.[Tomcat].[localhost].[/] - Initializing Spring DispatcherServlet 'dispatcherServlet'
2022-05-11 14:12:29.572 [http-nio-8001-exec-3] INFO  org.springframework.web.servlet.DispatcherServlet - Initializing Servlet 'dispatcherServlet'
2022-05-11 14:12:29.590 [http-nio-8001-exec-3] INFO  org.springframework.web.servlet.DispatcherServlet - Completed initialization in 18 ms
2022-05-11 14:17:56.558 [main] INFO  com.guo.eduservice.ServiceEduApplication - Starting ServiceEduApplication on PC201510181117 with PID 7148 (D:\temporay\Project\guli_parent\service\service-edu\target\classes started by zhao_temporary in D:\temporay\Project\guli_parent)
2022-05-11 14:17:56.567 [main] INFO  com.guo.eduservice.ServiceEduApplication - The following profiles are active: dev
2022-05-11 14:17:57.619 [main] INFO  o.s.d.r.config.RepositoryConfigurationDelegate - Multiple Spring Data modules found, entering strict repository configuration mode!
2022-05-11 14:17:57.624 [main] INFO  o.s.d.r.config.RepositoryConfigurationDelegate - Bootstrapping Spring Data Redis repositories in DEFAULT mode.
2022-05-11 14:17:57.659 [main] INFO  o.s.d.r.config.RepositoryConfigurationDelegate - Finished Spring Data repository scanning in 18ms. Found 0 Redis repository interfaces.
2022-05-11 14:17:58.396 [main] INFO  o.s.boot.web.embedded.tomcat.TomcatWebServer - Tomcat initialized with port(s): 8001 (http)
2022-05-11 14:17:58.406 [main] INFO  org.apache.coyote.http11.Http11NioProtocol - Initializing ProtocolHandler ["http-nio-8001"]
2022-05-11 14:17:58.407 [main] INFO  org.apache.catalina.core.StandardService - Starting service [Tomcat]
2022-05-11 14:17:58.407 [main] INFO  org.apache.catalina.core.StandardEngine - Starting Servlet engine: [Apache Tomcat/9.0.33]
2022-05-11 14:17:58.520 [main] INFO  o.a.c.core.ContainerBase.[Tomcat].[localhost].[/] - Initializing Spring embedded WebApplicationContext
2022-05-11 14:17:58.521 [main] INFO  org.springframework.web.context.ContextLoader - Root WebApplicationContext: initialization completed in 1905 ms
2022-05-11 14:17:58.768 [main] INFO  com.zaxxer.hikari.HikariDataSource - HikariPool-1 - Starting...
2022-05-11 14:17:59.086 [main] INFO  com.zaxxer.hikari.HikariDataSource - HikariPool-1 - Start completed.
2022-05-11 14:17:59.775 [main] INFO  s.d.s.w.PropertySourcedRequestMappingHandlerMapping - Mapped URL path [/v2/api-docs] onto method [springfox.documentation.swagger2.web.Swagger2Controller#getDocumentation(String, HttpServletRequest)]
2022-05-11 14:17:59.926 [main] INFO  o.s.scheduling.concurrent.ThreadPoolTaskExecutor - Initializing ExecutorService 'applicationTaskExecutor'
2022-05-11 14:18:00.633 [main] INFO  s.d.s.web.plugins.DocumentationPluginsBootstrapper - Context refreshed
2022-05-11 14:18:00.655 [main] INFO  s.d.s.web.plugins.DocumentationPluginsBootstrapper - Found 1 custom documentation plugin(s)
2022-05-11 14:18:00.689 [main] INFO  s.d.spring.web.scanners.ApiListingReferenceScanner - Scanning for api listing references
2022-05-11 14:18:00.908 [main] INFO  org.apache.coyote.http11.Http11NioProtocol - Starting ProtocolHandler ["http-nio-8001"]
2022-05-11 14:18:00.943 [main] INFO  o.s.boot.web.embedded.tomcat.TomcatWebServer - Tomcat started on port(s): 8001 (http) with context path ''
2022-05-11 14:18:00.947 [main] INFO  com.guo.eduservice.ServiceEduApplication - Started ServiceEduApplication in 5.109 seconds (JVM running for 7.08)
2022-05-11 14:18:02.289 [http-nio-8001-exec-1] INFO  o.a.c.core.ContainerBase.[Tomcat].[localhost].[/] - Initializing Spring DispatcherServlet 'dispatcherServlet'
2022-05-11 14:18:02.289 [http-nio-8001-exec-1] INFO  org.springframework.web.servlet.DispatcherServlet - Initializing Servlet 'dispatcherServlet'
2022-05-11 14:18:02.297 [http-nio-8001-exec-1] INFO  org.springframework.web.servlet.DispatcherServlet - Completed initialization in 8 ms
2022-05-11 17:11:28.663 [main] INFO  com.guo.eduservice.ServiceEduApplication - Starting ServiceEduApplication on PC201510181117 with PID 7036 (D:\temporay\Project\guli_parent\service\service-edu\target\classes started by zhao_temporary in D:\temporay\Project\guli_parent)
2022-05-11 17:11:28.667 [main] INFO  com.guo.eduservice.ServiceEduApplication - The following profiles are active: dev
2022-05-11 17:11:30.167 [main] INFO  o.s.d.r.config.RepositoryConfigurationDelegate - Multiple Spring Data modules found, entering strict repository configuration mode!
2022-05-11 17:11:30.173 [main] INFO  o.s.d.r.config.RepositoryConfigurationDelegate - Bootstrapping Spring Data Redis repositories in DEFAULT mode.
2022-05-11 17:11:30.228 [main] INFO  o.s.d.r.config.RepositoryConfigurationDelegate - Finished Spring Data repository scanning in 28ms. Found 0 Redis repository interfaces.
2022-05-11 17:11:31.391 [main] INFO  o.s.boot.web.embedded.tomcat.TomcatWebServer - Tomcat initialized with port(s): 8001 (http)
2022-05-11 17:11:31.405 [main] INFO  org.apache.coyote.http11.Http11NioProtocol - Initializing ProtocolHandler ["http-nio-8001"]
2022-05-11 17:11:31.406 [main] INFO  org.apache.catalina.core.StandardService - Starting service [Tomcat]
2022-05-11 17:11:31.406 [main] INFO  org.apache.catalina.core.StandardEngine - Starting Servlet engine: [Apache Tomcat/9.0.33]
2022-05-11 17:11:31.575 [main] INFO  o.a.c.core.ContainerBase.[Tomcat].[localhost].[/] - Initializing Spring embedded WebApplicationContext
2022-05-11 17:11:31.576 [main] INFO  org.springframework.web.context.ContextLoader - Root WebApplicationContext: initialization completed in 2835 ms
2022-05-11 17:11:31.960 [main] INFO  com.zaxxer.hikari.HikariDataSource - HikariPool-1 - Starting...
2022-05-11 17:11:32.488 [main] INFO  com.zaxxer.hikari.HikariDataSource - HikariPool-1 - Start completed.
2022-05-11 17:11:33.501 [main] INFO  s.d.s.w.PropertySourcedRequestMappingHandlerMapping - Mapped URL path [/v2/api-docs] onto method [springfox.documentation.swagger2.web.Swagger2Controller#getDocumentation(String, HttpServletRequest)]
2022-05-11 17:11:33.642 [main] INFO  o.s.scheduling.concurrent.ThreadPoolTaskExecutor - Initializing ExecutorService 'applicationTaskExecutor'
2022-05-11 17:11:34.382 [main] INFO  s.d.s.web.plugins.DocumentationPluginsBootstrapper - Context refreshed
2022-05-11 17:11:34.434 [main] INFO  s.d.s.web.plugins.DocumentationPluginsBootstrapper - Found 1 custom documentation plugin(s)
2022-05-11 17:11:34.471 [main] INFO  s.d.spring.web.scanners.ApiListingReferenceScanner - Scanning for api listing references
2022-05-11 17:11:34.684 [main] INFO  org.apache.coyote.http11.Http11NioProtocol - Starting ProtocolHandler ["http-nio-8001"]
2022-05-11 17:11:34.727 [main] INFO  o.s.boot.web.embedded.tomcat.TomcatWebServer - Tomcat started on port(s): 8001 (http) with context path ''
2022-05-11 17:11:34.730 [main] INFO  com.guo.eduservice.ServiceEduApplication - Started ServiceEduApplication in 7.343 seconds (JVM running for 9.974)
2022-05-11 17:11:42.879 [http-nio-8001-exec-1] INFO  o.a.c.core.ContainerBase.[Tomcat].[localhost].[/] - Initializing Spring DispatcherServlet 'dispatcherServlet'
2022-05-11 17:11:42.879 [http-nio-8001-exec-1] INFO  org.springframework.web.servlet.DispatcherServlet - Initializing Servlet 'dispatcherServlet'
2022-05-11 17:11:43.118 [http-nio-8001-exec-1] INFO  org.springframework.web.servlet.DispatcherServlet - Completed initialization in 238 ms
2022-05-11 18:08:35.804 [main] INFO  com.guo.eduservice.ServiceEduApplication - Starting ServiceEduApplication on PC201510181117 with PID 6252 (D:\temporay\Project\guli_parent\service\service-edu\target\classes started by zhao_temporary in D:\temporay\Project\guli_parent)
2022-05-11 18:08:35.807 [main] INFO  com.guo.eduservice.ServiceEduApplication - The following profiles are active: dev
2022-05-11 18:08:36.872 [main] INFO  o.s.d.r.config.RepositoryConfigurationDelegate - Multiple Spring Data modules found, entering strict repository configuration mode!
2022-05-11 18:08:36.878 [main] INFO  o.s.d.r.config.RepositoryConfigurationDelegate - Bootstrapping Spring Data Redis repositories in DEFAULT mode.
2022-05-11 18:08:36.935 [main] INFO  o.s.d.r.config.RepositoryConfigurationDelegate - Finished Spring Data repository scanning in 36ms. Found 0 Redis repository interfaces.
2022-05-11 18:08:37.760 [main] INFO  o.s.boot.web.embedded.tomcat.TomcatWebServer - Tomcat initialized with port(s): 8001 (http)
2022-05-11 18:08:37.772 [main] INFO  org.apache.coyote.http11.Http11NioProtocol - Initializing ProtocolHandler ["http-nio-8001"]
2022-05-11 18:08:37.774 [main] INFO  org.apache.catalina.core.StandardService - Starting service [Tomcat]
2022-05-11 18:08:37.775 [main] INFO  org.apache.catalina.core.StandardEngine - Starting Servlet engine: [Apache Tomcat/9.0.33]
2022-05-11 18:08:37.906 [main] INFO  o.a.c.core.ContainerBase.[Tomcat].[localhost].[/] - Initializing Spring embedded WebApplicationContext
2022-05-11 18:08:37.907 [main] INFO  org.springframework.web.context.ContextLoader - Root WebApplicationContext: initialization completed in 2053 ms
2022-05-11 18:08:38.135 [main] INFO  com.zaxxer.hikari.HikariDataSource - HikariPool-1 - Starting...
2022-05-11 18:08:38.414 [main] INFO  com.zaxxer.hikari.HikariDataSource - HikariPool-1 - Start completed.
2022-05-11 18:08:39.283 [main] INFO  s.d.s.w.PropertySourcedRequestMappingHandlerMapping - Mapped URL path [/v2/api-docs] onto method [springfox.documentation.swagger2.web.Swagger2Controller#getDocumentation(String, HttpServletRequest)]
2022-05-11 18:08:39.511 [main] INFO  o.s.scheduling.concurrent.ThreadPoolTaskExecutor - Initializing ExecutorService 'applicationTaskExecutor'
2022-05-11 18:08:40.482 [main] INFO  s.d.s.web.plugins.DocumentationPluginsBootstrapper - Context refreshed
2022-05-11 18:08:40.497 [main] INFO  s.d.s.web.plugins.DocumentationPluginsBootstrapper - Found 1 custom documentation plugin(s)
2022-05-11 18:08:40.534 [main] INFO  s.d.spring.web.scanners.ApiListingReferenceScanner - Scanning for api listing references
2022-05-11 18:08:40.747 [main] INFO  org.apache.coyote.http11.Http11NioProtocol - Starting ProtocolHandler ["http-nio-8001"]
2022-05-11 18:08:40.778 [main] INFO  o.s.boot.web.embedded.tomcat.TomcatWebServer - Tomcat started on port(s): 8001 (http) with context path ''
2022-05-11 18:08:40.782 [main] INFO  com.guo.eduservice.ServiceEduApplication - Started ServiceEduApplication in 5.93 seconds (JVM running for 7.453)
2022-05-11 18:09:00.675 [http-nio-8001-exec-1] INFO  o.a.c.core.ContainerBase.[Tomcat].[localhost].[/] - Initializing Spring DispatcherServlet 'dispatcherServlet'
2022-05-11 18:09:00.675 [http-nio-8001-exec-1] INFO  org.springframework.web.servlet.DispatcherServlet - Initializing Servlet 'dispatcherServlet'
2022-05-11 18:09:00.698 [http-nio-8001-exec-1] INFO  org.springframework.web.servlet.DispatcherServlet - Completed initialization in 23 ms
2022-05-11 18:14:47.572 [main] INFO  com.guo.eduservice.ServiceEduApplication - Starting ServiceEduApplication on PC201510181117 with PID 3560 (D:\temporay\Project\guli_parent\service\service-edu\target\classes started by zhao_temporary in D:\temporay\Project\guli_parent)
2022-05-11 18:14:47.576 [main] INFO  com.guo.eduservice.ServiceEduApplication - The following profiles are active: dev
2022-05-11 18:14:48.568 [main] INFO  o.s.d.r.config.RepositoryConfigurationDelegate - Multiple Spring Data modules found, entering strict repository configuration mode!
2022-05-11 18:14:48.571 [main] INFO  o.s.d.r.config.RepositoryConfigurationDelegate - Bootstrapping Spring Data Redis repositories in DEFAULT mode.
2022-05-11 18:14:48.609 [main] INFO  o.s.d.r.config.RepositoryConfigurationDelegate - Finished Spring Data repository scanning in 19ms. Found 0 Redis repository interfaces.
2022-05-11 18:14:49.301 [main] INFO  o.s.boot.web.embedded.tomcat.TomcatWebServer - Tomcat initialized with port(s): 8001 (http)
2022-05-11 18:14:49.311 [main] INFO  org.apache.coyote.http11.Http11NioProtocol - Initializing ProtocolHandler ["http-nio-8001"]
2022-05-11 18:14:49.311 [main] INFO  org.apache.catalina.core.StandardService - Starting service [Tomcat]
2022-05-11 18:14:49.312 [main] INFO  org.apache.catalina.core.StandardEngine - Starting Servlet engine: [Apache Tomcat/9.0.33]
2022-05-11 18:14:49.418 [main] INFO  o.a.c.core.ContainerBase.[Tomcat].[localhost].[/] - Initializing Spring embedded WebApplicationContext
2022-05-11 18:14:49.419 [main] INFO  org.springframework.web.context.ContextLoader - Root WebApplicationContext: initialization completed in 1788 ms
2022-05-11 18:14:49.644 [main] INFO  com.zaxxer.hikari.HikariDataSource - HikariPool-1 - Starting...
2022-05-11 18:14:49.918 [main] INFO  com.zaxxer.hikari.HikariDataSource - HikariPool-1 - Start completed.
2022-05-11 18:14:50.564 [main] INFO  s.d.s.w.PropertySourcedRequestMappingHandlerMapping - Mapped URL path [/v2/api-docs] onto method [springfox.documentation.swagger2.web.Swagger2Controller#getDocumentation(String, HttpServletRequest)]
2022-05-11 18:14:50.708 [main] INFO  o.s.scheduling.concurrent.ThreadPoolTaskExecutor - Initializing ExecutorService 'applicationTaskExecutor'
2022-05-11 18:14:51.310 [main] INFO  s.d.s.web.plugins.DocumentationPluginsBootstrapper - Context refreshed
2022-05-11 18:14:51.324 [main] INFO  s.d.s.web.plugins.DocumentationPluginsBootstrapper - Found 1 custom documentation plugin(s)
2022-05-11 18:14:51.358 [main] INFO  s.d.spring.web.scanners.ApiListingReferenceScanner - Scanning for api listing references
2022-05-11 18:14:51.552 [main] INFO  org.apache.coyote.http11.Http11NioProtocol - Starting ProtocolHandler ["http-nio-8001"]
2022-05-11 18:14:51.578 [main] INFO  o.s.boot.web.embedded.tomcat.TomcatWebServer - Tomcat started on port(s): 8001 (http) with context path ''
2022-05-11 18:14:51.581 [main] INFO  com.guo.eduservice.ServiceEduApplication - Started ServiceEduApplication in 4.762 seconds (JVM running for 5.888)
2022-05-11 18:15:10.626 [http-nio-8001-exec-1] INFO  o.a.c.core.ContainerBase.[Tomcat].[localhost].[/] - Initializing Spring DispatcherServlet 'dispatcherServlet'
2022-05-11 18:15:10.627 [http-nio-8001-exec-1] INFO  org.springframework.web.servlet.DispatcherServlet - Initializing Servlet 'dispatcherServlet'
2022-05-11 18:15:10.645 [http-nio-8001-exec-1] INFO  org.springframework.web.servlet.DispatcherServlet - Completed initialization in 18 ms
