2022-05-12 10:32:26.046 [main] INFO  com.guo.eduservice.ServiceEduApplication - Starting ServiceEduApplication on PC201510181117 with PID 5768 (D:\temporay\Project\guli_parent\service\service-edu\target\classes started by zhao_temporary in D:\temporay\Project\guli_parent)
2022-05-12 10:32:26.052 [main] INFO  com.guo.eduservice.ServiceEduApplication - The following profiles are active: dev
2022-05-12 10:32:27.861 [main] INFO  o.s.d.r.config.RepositoryConfigurationDelegate - Multiple Spring Data modules found, entering strict repository configuration mode!
2022-05-12 10:32:27.865 [main] INFO  o.s.d.r.config.RepositoryConfigurationDelegate - Bootstrapping Spring Data Redis repositories in DEFAULT mode.
2022-05-12 10:32:27.979 [main] INFO  o.s.d.r.config.RepositoryConfigurationDelegate - Finished Spring Data repository scanning in 86ms. Found 0 Redis repository interfaces.
2022-05-12 10:32:29.404 [main] INFO  o.s.boot.web.embedded.tomcat.TomcatWebServer - Tomcat initialized with port(s): 8001 (http)
2022-05-12 10:32:29.455 [main] INFO  org.apache.coyote.http11.Http11NioProtocol - Initializing ProtocolHandler ["http-nio-8001"]
2022-05-12 10:32:29.457 [main] INFO  org.apache.catalina.core.StandardService - Starting service [Tomcat]
2022-05-12 10:32:29.458 [main] INFO  org.apache.catalina.core.StandardEngine - Starting Servlet engine: [Apache Tomcat/9.0.33]
2022-05-12 10:32:29.711 [main] INFO  o.a.c.core.ContainerBase.[Tomcat].[localhost].[/] - Initializing Spring embedded WebApplicationContext
2022-05-12 10:32:29.711 [main] INFO  org.springframework.web.context.ContextLoader - Root WebApplicationContext: initialization completed in 3599 ms
2022-05-12 10:32:30.144 [main] INFO  com.zaxxer.hikari.HikariDataSource - HikariPool-1 - Starting...
2022-05-12 10:32:30.680 [main] INFO  com.zaxxer.hikari.HikariDataSource - HikariPool-1 - Start completed.
2022-05-12 10:32:31.670 [main] INFO  s.d.s.w.PropertySourcedRequestMappingHandlerMapping - Mapped URL path [/v2/api-docs] onto method [springfox.documentation.swagger2.web.Swagger2Controller#getDocumentation(String, HttpServletRequest)]
2022-05-12 10:32:31.833 [main] INFO  o.s.scheduling.concurrent.ThreadPoolTaskExecutor - Initializing ExecutorService 'applicationTaskExecutor'
2022-05-12 10:32:32.787 [main] INFO  s.d.s.web.plugins.DocumentationPluginsBootstrapper - Context refreshed
2022-05-12 10:32:32.802 [main] INFO  s.d.s.web.plugins.DocumentationPluginsBootstrapper - Found 1 custom documentation plugin(s)
2022-05-12 10:32:32.843 [main] INFO  s.d.spring.web.scanners.ApiListingReferenceScanner - Scanning for api listing references
2022-05-12 10:32:33.087 [main] INFO  org.apache.coyote.http11.Http11NioProtocol - Starting ProtocolHandler ["http-nio-8001"]
2022-05-12 10:32:33.130 [main] INFO  o.s.boot.web.embedded.tomcat.TomcatWebServer - Tomcat started on port(s): 8001 (http) with context path ''
2022-05-12 10:32:33.134 [main] INFO  com.guo.eduservice.ServiceEduApplication - Started ServiceEduApplication in 9.006 seconds (JVM running for 13.89)
2022-05-12 10:32:43.189 [http-nio-8001-exec-1] INFO  o.a.c.core.ContainerBase.[Tomcat].[localhost].[/] - Initializing Spring DispatcherServlet 'dispatcherServlet'
2022-05-12 10:32:43.190 [http-nio-8001-exec-1] INFO  org.springframework.web.servlet.DispatcherServlet - Initializing Servlet 'dispatcherServlet'
2022-05-12 10:32:43.210 [http-nio-8001-exec-1] INFO  org.springframework.web.servlet.DispatcherServlet - Completed initialization in 19 ms
2022-05-12 16:28:40.443 [main] INFO  com.guo.eduservice.ServiceEduApplication - Starting ServiceEduApplication on PC201510181117 with PID 5252 (D:\temporay\Project\guli_parent\service\service-edu\target\classes started by zhao_temporary in D:\temporay\Project\guli_parent)
2022-05-12 16:28:40.458 [main] INFO  com.guo.eduservice.ServiceEduApplication - The following profiles are active: dev
2022-05-12 16:28:41.593 [main] INFO  o.s.d.r.config.RepositoryConfigurationDelegate - Multiple Spring Data modules found, entering strict repository configuration mode!
2022-05-12 16:28:41.596 [main] INFO  o.s.d.r.config.RepositoryConfigurationDelegate - Bootstrapping Spring Data Redis repositories in DEFAULT mode.
2022-05-12 16:28:41.630 [main] INFO  o.s.d.r.config.RepositoryConfigurationDelegate - Finished Spring Data repository scanning in 15ms. Found 0 Redis repository interfaces.
2022-05-12 16:28:42.276 [main] INFO  o.s.boot.web.embedded.tomcat.TomcatWebServer - Tomcat initialized with port(s): 8001 (http)
2022-05-12 16:28:42.286 [main] INFO  org.apache.coyote.http11.Http11NioProtocol - Initializing ProtocolHandler ["http-nio-8001"]
2022-05-12 16:28:42.287 [main] INFO  org.apache.catalina.core.StandardService - Starting service [Tomcat]
2022-05-12 16:28:42.288 [main] INFO  org.apache.catalina.core.StandardEngine - Starting Servlet engine: [Apache Tomcat/9.0.33]
2022-05-12 16:28:42.396 [main] INFO  o.a.c.core.ContainerBase.[Tomcat].[localhost].[/] - Initializing Spring embedded WebApplicationContext
2022-05-12 16:28:42.397 [main] INFO  org.springframework.web.context.ContextLoader - Root WebApplicationContext: initialization completed in 1891 ms
2022-05-12 16:28:42.742 [main] INFO  com.zaxxer.hikari.HikariDataSource - HikariPool-1 - Starting...
2022-05-12 16:28:43.058 [main] INFO  com.zaxxer.hikari.HikariDataSource - HikariPool-1 - Start completed.
2022-05-12 16:28:43.781 [main] INFO  s.d.s.w.PropertySourcedRequestMappingHandlerMapping - Mapped URL path [/v2/api-docs] onto method [springfox.documentation.swagger2.web.Swagger2Controller#getDocumentation(String, HttpServletRequest)]
2022-05-12 16:28:43.917 [main] INFO  o.s.scheduling.concurrent.ThreadPoolTaskExecutor - Initializing ExecutorService 'applicationTaskExecutor'
2022-05-12 16:28:44.530 [main] INFO  s.d.s.web.plugins.DocumentationPluginsBootstrapper - Context refreshed
2022-05-12 16:28:44.545 [main] INFO  s.d.s.web.plugins.DocumentationPluginsBootstrapper - Found 1 custom documentation plugin(s)
2022-05-12 16:28:44.579 [main] INFO  s.d.spring.web.scanners.ApiListingReferenceScanner - Scanning for api listing references
2022-05-12 16:28:44.789 [main] INFO  org.apache.coyote.http11.Http11NioProtocol - Starting ProtocolHandler ["http-nio-8001"]
2022-05-12 16:28:44.817 [main] INFO  o.s.boot.web.embedded.tomcat.TomcatWebServer - Tomcat started on port(s): 8001 (http) with context path ''
2022-05-12 16:28:44.821 [main] INFO  com.guo.eduservice.ServiceEduApplication - Started ServiceEduApplication in 5.223 seconds (JVM running for 8.22)
2022-05-12 16:40:06.177 [http-nio-8001-exec-1] INFO  o.a.c.core.ContainerBase.[Tomcat].[localhost].[/] - Initializing Spring DispatcherServlet 'dispatcherServlet'
2022-05-12 16:40:06.178 [http-nio-8001-exec-1] INFO  org.springframework.web.servlet.DispatcherServlet - Initializing Servlet 'dispatcherServlet'
2022-05-12 16:40:06.192 [http-nio-8001-exec-1] INFO  org.springframework.web.servlet.DispatcherServlet - Completed initialization in 13 ms
2022-05-12 17:11:46.782 [main] INFO  com.guo.eduservice.ServiceEduApplication - Starting ServiceEduApplication on PC201510181117 with PID 6728 (D:\temporay\Project\guli_parent\service\service-edu\target\classes started by zhao_temporary in D:\temporay\Project\guli_parent)
2022-05-12 17:11:46.786 [main] INFO  com.guo.eduservice.ServiceEduApplication - The following profiles are active: dev
2022-05-12 17:11:47.844 [main] INFO  o.s.d.r.config.RepositoryConfigurationDelegate - Multiple Spring Data modules found, entering strict repository configuration mode!
2022-05-12 17:11:47.847 [main] INFO  o.s.d.r.config.RepositoryConfigurationDelegate - Bootstrapping Spring Data Redis repositories in DEFAULT mode.
2022-05-12 17:11:47.889 [main] INFO  o.s.d.r.config.RepositoryConfigurationDelegate - Finished Spring Data repository scanning in 18ms. Found 0 Redis repository interfaces.
2022-05-12 17:11:48.593 [main] INFO  o.s.boot.web.embedded.tomcat.TomcatWebServer - Tomcat initialized with port(s): 8001 (http)
2022-05-12 17:11:48.662 [main] INFO  org.apache.coyote.http11.Http11NioProtocol - Initializing ProtocolHandler ["http-nio-8001"]
2022-05-12 17:11:48.663 [main] INFO  org.apache.catalina.core.StandardService - Starting service [Tomcat]
2022-05-12 17:11:48.663 [main] INFO  org.apache.catalina.core.StandardEngine - Starting Servlet engine: [Apache Tomcat/9.0.33]
2022-05-12 17:11:48.778 [main] INFO  o.a.c.core.ContainerBase.[Tomcat].[localhost].[/] - Initializing Spring embedded WebApplicationContext
2022-05-12 17:11:48.779 [main] INFO  org.springframework.web.context.ContextLoader - Root WebApplicationContext: initialization completed in 1940 ms
2022-05-12 17:11:49.021 [main] INFO  com.zaxxer.hikari.HikariDataSource - HikariPool-1 - Starting...
2022-05-12 17:11:49.487 [main] INFO  com.zaxxer.hikari.HikariDataSource - HikariPool-1 - Start completed.
2022-05-12 17:11:50.170 [main] INFO  s.d.s.w.PropertySourcedRequestMappingHandlerMapping - Mapped URL path [/v2/api-docs] onto method [springfox.documentation.swagger2.web.Swagger2Controller#getDocumentation(String, HttpServletRequest)]
2022-05-12 17:11:50.431 [main] INFO  o.s.scheduling.concurrent.ThreadPoolTaskExecutor - Initializing ExecutorService 'applicationTaskExecutor'
2022-05-12 17:11:51.083 [main] INFO  s.d.s.web.plugins.DocumentationPluginsBootstrapper - Context refreshed
2022-05-12 17:11:51.098 [main] INFO  s.d.s.web.plugins.DocumentationPluginsBootstrapper - Found 1 custom documentation plugin(s)
2022-05-12 17:11:51.133 [main] INFO  s.d.spring.web.scanners.ApiListingReferenceScanner - Scanning for api listing references
2022-05-12 17:11:51.342 [main] INFO  org.apache.coyote.http11.Http11NioProtocol - Starting ProtocolHandler ["http-nio-8001"]
2022-05-12 17:11:51.369 [main] INFO  o.s.boot.web.embedded.tomcat.TomcatWebServer - Tomcat started on port(s): 8001 (http) with context path ''
2022-05-12 17:11:51.376 [main] INFO  com.guo.eduservice.ServiceEduApplication - Started ServiceEduApplication in 5.37 seconds (JVM running for 6.454)
2022-05-12 17:11:55.621 [http-nio-8001-exec-1] INFO  o.a.c.core.ContainerBase.[Tomcat].[localhost].[/] - Initializing Spring DispatcherServlet 'dispatcherServlet'
2022-05-12 17:11:55.622 [http-nio-8001-exec-1] INFO  org.springframework.web.servlet.DispatcherServlet - Initializing Servlet 'dispatcherServlet'
2022-05-12 17:11:55.641 [http-nio-8001-exec-1] INFO  org.springframework.web.servlet.DispatcherServlet - Completed initialization in 18 ms
